2025-11-27 21:20:28,914 - KardexApp - INFO - Logger inicializado correctamente.
2025-11-27 21:21:15,319 - KardexApp - INFO - Logger inicializado correctamente.
2025-11-27 21:27:14,307 - KardexApp - INFO - Logger inicializado correctamente.
2025-11-28 15:58:14,667 - KardexApp - INFO - Logger inicializado correctamente.
2025-11-28 16:05:34,244 - KardexApp - INFO - Logger inicializado correctamente.
2025-11-28 16:05:44,644 - KardexApp.ExceptionHandler - CRITICAL - Excepci贸n no controlada: type object 'Operador' has no attribute 'vencimiento_licencia'
Traceback (most recent call last):
  File "C:\Users\USER\Github\kardex\kardex-valorizado\main.py", line 991, in on_module_selected
    launch_rental()
    ~~~~~~~~~~~~~^^
  File "C:\Users\USER\Github\kardex\kardex-valorizado\main.py", line 979, in launch_rental
    main_window = RentalMainWindow()
  File "C:\Users\USER\Github\kardex\kardex-valorizado\src\views\rental_main_window.py", line 28, in __init__
    self.init_ui()
    ~~~~~~~~~~~~^^
  File "C:\Users\USER\Github\kardex\kardex-valorizado\src\views\rental_main_window.py", line 80, in init_ui
    self.dashboard_widget = RentalDashboardWidget()
                            ~~~~~~~~~~~~~~~~~~~~~^^
  File "C:\Users\USER\Github\kardex\kardex-valorizado\src\views\rental_dashboard.py", line 38, in __init__
    self.load_alerts()
    ~~~~~~~~~~~~~~~~^^
  File "C:\Users\USER\Github\kardex\kardex-valorizado\src\views\rental_dashboard.py", line 112, in load_alerts
    Operador.vencimiento_licencia != None
    ^^^^^^^^^^^^^^^^^^^^^^^^^^^^^
AttributeError: type object 'Operador' has no attribute 'vencimiento_licencia'. Did you mean: 'fecha_vencimiento_licencia'?

2025-11-28 16:06:01,256 - KardexApp - INFO - Logger inicializado correctamente.
2025-11-28 16:06:18,999 - KardexApp.ExceptionHandler - CRITICAL - Excepci贸n no controlada: (sqlite3.OperationalError) no such column: requisiciones.solicitante_id
[SQL: SELECT requisiciones.id AS requisiciones_id, requisiciones.proyecto_id AS requisiciones_proyecto_id, requisiciones.solicitante_id AS requisiciones_solicitante_id, requisiciones.numero_requisicion AS requisiciones_numero_requisicion, requisiciones.fecha AS requisiciones_fecha, requisiciones.fecha_requerida AS requisiciones_fecha_requerida, requisiciones.estado AS requisiciones_estado, requisiciones.observaciones AS requisiciones_observaciones, requisiciones.fecha_registro AS requisiciones_fecha_registro 
FROM requisiciones 
WHERE requisiciones.fecha >= ? AND requisiciones.fecha <= ? ORDER BY requisiciones.fecha DESC]
[parameters: ('2025-01-01', '2025-12-31')]
(Background on this error at: https://sqlalche.me/e/20/e3q8)
Traceback (most recent call last):
  File "C:\Users\USER\AppData\Local\Packages\PythonSoftwareFoundation.Python.3.13_qbz5n2kfra8p0\LocalCache\local-packages\Python313\site-packages\sqlalchemy\engine\base.py", line 1967, in _exec_single_context
    self.dialect.do_execute(
    ~~~~~~~~~~~~~~~~~~~~~~~^
        cursor, str_statement, effective_parameters, context
        ^^^^^^^^^^^^^^^^^^^^^^^^^^^^^^^^^^^^^^^^^^^^^^^^^^^^
    )
    ^
  File "C:\Users\USER\AppData\Local\Packages\PythonSoftwareFoundation.Python.3.13_qbz5n2kfra8p0\LocalCache\local-packages\Python313\site-packages\sqlalchemy\engine\default.py", line 951, in do_execute
    cursor.execute(statement, parameters)
    ~~~~~~~~~~~~~~^^^^^^^^^^^^^^^^^^^^^^^
sqlite3.OperationalError: no such column: requisiciones.solicitante_id

The above exception was the direct cause of the following exception:

Traceback (most recent call last):
  File "C:\Users\USER\Github\kardex\kardex-valorizado\main.py", line 792, in abrir_requisiciones
    requisiciones_widget = RequisicionesWindow(user_info=self.user_info)
  File "C:\Users\USER\Github\kardex\kardex-valorizado\src\views\requisiciones_window.py", line 695, in __init__
    self.cargar_requisiciones()
    ~~~~~~~~~~~~~~~~~~~~~~~~~^^
  File "C:\Users\USER\Github\kardex\kardex-valorizado\src\views\requisiciones_window.py", line 796, in cargar_requisiciones
    ).order_by(Requisicion.fecha.desc()).all()
                                         ~~~^^
  File "C:\Users\USER\AppData\Local\Packages\PythonSoftwareFoundation.Python.3.13_qbz5n2kfra8p0\LocalCache\local-packages\Python313\site-packages\sqlalchemy\orm\query.py", line 2704, in all
    return self._iter().all()  # type: ignore
           ~~~~~~~~~~^^
  File "C:\Users\USER\AppData\Local\Packages\PythonSoftwareFoundation.Python.3.13_qbz5n2kfra8p0\LocalCache\local-packages\Python313\site-packages\sqlalchemy\orm\query.py", line 2857, in _iter
    result: Union[ScalarResult[_T], Result[_T]] = self.session.execute(
                                                  ~~~~~~~~~~~~~~~~~~~~^
        statement,
        ^^^^^^^^^^
        params,
        ^^^^^^^
        execution_options={"_sa_orm_load_options": self.load_options},
        ^^^^^^^^^^^^^^^^^^^^^^^^^^^^^^^^^^^^^^^^^^^^^^^^^^^^^^^^^^^^^^
    )
    ^
  File "C:\Users\USER\AppData\Local\Packages\PythonSoftwareFoundation.Python.3.13_qbz5n2kfra8p0\LocalCache\local-packages\Python313\site-packages\sqlalchemy\orm\session.py", line 2351, in execute
    return self._execute_internal(
           ~~~~~~~~~~~~~~~~~~~~~~^
        statement,
        ^^^^^^^^^^
    ...<4 lines>...
        _add_event=_add_event,
        ^^^^^^^^^^^^^^^^^^^^^^
    )
    ^
  File "C:\Users\USER\AppData\Local\Packages\PythonSoftwareFoundation.Python.3.13_qbz5n2kfra8p0\LocalCache\local-packages\Python313\site-packages\sqlalchemy\orm\session.py", line 2249, in _execute_internal
    result: Result[Any] = compile_state_cls.orm_execute_statement(
                          ~~~~~~~~~~~~~~~~~~~~~~~~~~~~~~~~~~~~~~~^
        self,
        ^^^^^
    ...<4 lines>...
        conn,
        ^^^^^
    )
    ^
  File "C:\Users\USER\AppData\Local\Packages\PythonSoftwareFoundation.Python.3.13_qbz5n2kfra8p0\LocalCache\local-packages\Python313\site-packages\sqlalchemy\orm\context.py", line 306, in orm_execute_statement
    result = conn.execute(
        statement, params or {}, execution_options=execution_options
    )
  File "C:\Users\USER\AppData\Local\Packages\PythonSoftwareFoundation.Python.3.13_qbz5n2kfra8p0\LocalCache\local-packages\Python313\site-packages\sqlalchemy\engine\base.py", line 1419, in execute
    return meth(
        self,
        distilled_parameters,
        execution_options or NO_OPTIONS,
    )
  File "C:\Users\USER\AppData\Local\Packages\PythonSoftwareFoundation.Python.3.13_qbz5n2kfra8p0\LocalCache\local-packages\Python313\site-packages\sqlalchemy\sql\elements.py", line 526, in _execute_on_connection
    return connection._execute_clauseelement(
           ~~~~~~~~~~~~~~~~~~~~~~~~~~~~~~~~~^
        self, distilled_params, execution_options
        ^^^^^^^^^^^^^^^^^^^^^^^^^^^^^^^^^^^^^^^^^
    )
    ^
  File "C:\Users\USER\AppData\Local\Packages\PythonSoftwareFoundation.Python.3.13_qbz5n2kfra8p0\LocalCache\local-packages\Python313\site-packages\sqlalchemy\engine\base.py", line 1641, in _execute_clauseelement
    ret = self._execute_context(
        dialect,
    ...<8 lines>...
        cache_hit=cache_hit,
    )
  File "C:\Users\USER\AppData\Local\Packages\PythonSoftwareFoundation.Python.3.13_qbz5n2kfra8p0\LocalCache\local-packages\Python313\site-packages\sqlalchemy\engine\base.py", line 1846, in _execute_context
    return self._exec_single_context(
           ~~~~~~~~~~~~~~~~~~~~~~~~~^
        dialect, context, statement, parameters
        ^^^^^^^^^^^^^^^^^^^^^^^^^^^^^^^^^^^^^^^
    )
    ^
  File "C:\Users\USER\AppData\Local\Packages\PythonSoftwareFoundation.Python.3.13_qbz5n2kfra8p0\LocalCache\local-packages\Python313\site-packages\sqlalchemy\engine\base.py", line 1986, in _exec_single_context
    self._handle_dbapi_exception(
    ~~~~~~~~~~~~~~~~~~~~~~~~~~~~^
        e, str_statement, effective_parameters, cursor, context
        ^^^^^^^^^^^^^^^^^^^^^^^^^^^^^^^^^^^^^^^^^^^^^^^^^^^^^^^
    )
    ^
  File "C:\Users\USER\AppData\Local\Packages\PythonSoftwareFoundation.Python.3.13_qbz5n2kfra8p0\LocalCache\local-packages\Python313\site-packages\sqlalchemy\engine\base.py", line 2355, in _handle_dbapi_exception
    raise sqlalchemy_exception.with_traceback(exc_info[2]) from e
  File "C:\Users\USER\AppData\Local\Packages\PythonSoftwareFoundation.Python.3.13_qbz5n2kfra8p0\LocalCache\local-packages\Python313\site-packages\sqlalchemy\engine\base.py", line 1967, in _exec_single_context
    self.dialect.do_execute(
    ~~~~~~~~~~~~~~~~~~~~~~~^
        cursor, str_statement, effective_parameters, context
        ^^^^^^^^^^^^^^^^^^^^^^^^^^^^^^^^^^^^^^^^^^^^^^^^^^^^
    )
    ^
  File "C:\Users\USER\AppData\Local\Packages\PythonSoftwareFoundation.Python.3.13_qbz5n2kfra8p0\LocalCache\local-packages\Python313\site-packages\sqlalchemy\engine\default.py", line 951, in do_execute
    cursor.execute(statement, parameters)
    ~~~~~~~~~~~~~~^^^^^^^^^^^^^^^^^^^^^^^
sqlalchemy.exc.OperationalError: (sqlite3.OperationalError) no such column: requisiciones.solicitante_id
[SQL: SELECT requisiciones.id AS requisiciones_id, requisiciones.proyecto_id AS requisiciones_proyecto_id, requisiciones.solicitante_id AS requisiciones_solicitante_id, requisiciones.numero_requisicion AS requisiciones_numero_requisicion, requisiciones.fecha AS requisiciones_fecha, requisiciones.fecha_requerida AS requisiciones_fecha_requerida, requisiciones.estado AS requisiciones_estado, requisiciones.observaciones AS requisiciones_observaciones, requisiciones.fecha_registro AS requisiciones_fecha_registro 
FROM requisiciones 
WHERE requisiciones.fecha >= ? AND requisiciones.fecha <= ? ORDER BY requisiciones.fecha DESC]
[parameters: ('2025-01-01', '2025-12-31')]
(Background on this error at: https://sqlalche.me/e/20/e3q8)

2025-11-28 16:06:24,160 - KardexApp.ExceptionHandler - CRITICAL - Excepci贸n no controlada: Entity namespace for "empresas" has no property "activo"
Traceback (most recent call last):
  File "C:\Users\USER\AppData\Local\Packages\PythonSoftwareFoundation.Python.3.13_qbz5n2kfra8p0\LocalCache\local-packages\Python313\site-packages\sqlalchemy\sql\base.py", line 2215, in _entity_namespace_key
    return getattr(ns, key)  # type: ignore
AttributeError: type object 'Empresa' has no attribute 'activo'

The above exception was the direct cause of the following exception:

Traceback (most recent call last):
  File "C:\Users\USER\Github\kardex\kardex-valorizado\main.py", line 829, in abrir_valorizacion
    valorizacion_widget = ValorizacionWindow()
  File "C:\Users\USER\Github\kardex\kardex-valorizado\src\views\valorizacion_window.py", line 41, in __init__
    self.cargar_empresas()
    ~~~~~~~~~~~~~~~~~~~~^^
  File "C:\Users\USER\Github\kardex\kardex-valorizado\src\views\valorizacion_window.py", line 169, in cargar_empresas
    empresas = self.session.query(Empresa).filter_by(activo=True).all()
               ~~~~~~~~~~~~~~~~~~~~~~~~~~~~~~~~~~~~~^^^^^^^^^^^^^
  File "C:\Users\USER\AppData\Local\Packages\PythonSoftwareFoundation.Python.3.13_qbz5n2kfra8p0\LocalCache\local-packages\Python313\site-packages\sqlalchemy\orm\query.py", line 1992, in filter_by
    _entity_namespace_key(from_entity, key) == value
    ~~~~~~~~~~~~~~~~~~~~~^^^^^^^^^^^^^^^^^^
  File "C:\Users\USER\AppData\Local\Packages\PythonSoftwareFoundation.Python.3.13_qbz5n2kfra8p0\LocalCache\local-packages\Python313\site-packages\sqlalchemy\sql\base.py", line 2217, in _entity_namespace_key
    raise exc.InvalidRequestError(
        'Entity namespace for "%s" has no property "%s"' % (entity, key)
    ) from err
sqlalchemy.exc.InvalidRequestError: Entity namespace for "empresas" has no property "activo"

2025-11-28 16:08:39,368 - KardexApp - INFO - Logger inicializado correctamente.
2025-11-28 16:08:39,481 - KardexApp.ExceptionHandler - CRITICAL - Excepci贸n no controlada: 'charmap' codec can't encode character '\U0001f4a1' in position 0: character maps to <undefined>
Traceback (most recent call last):
  File "C:\Users\USER\Github\kardex\kardex-valorizado\main.py", line 1010, in <module>
    main()
    ~~~~^^
  File "C:\Users\USER\Github\kardex\kardex-valorizado\main.py", line 950, in main
    stylesheet = get_theme_stylesheet(base_path=base_path.as_posix())
  File "C:\Users\USER\Github\kardex\kardex-valorizado\src\utils\themes.py", line 364, in get_theme_stylesheet
    print(" Tema claro detectado. Aplicando estilos claros.")
    ~~~~~^^^^^^^^^^^^^^^^^^^^^^^^^^^^^^^^^^^^^^^^^^^^^^^^^^^^^^
  File "C:\Program Files\WindowsApps\PythonSoftwareFoundation.Python.3.13_3.13.2544.0_x64__qbz5n2kfra8p0\Lib\encodings\cp1252.py", line 19, in encode
    return codecs.charmap_encode(input,self.errors,encoding_table)[0]
           ~~~~~~~~~~~~~~~~~~~~~^^^^^^^^^^^^^^^^^^^^^^^^^^^^^^^^^^
UnicodeEncodeError: 'charmap' codec can't encode character '\U0001f4a1' in position 0: character maps to <undefined>

2025-11-28 16:10:24,866 - KardexApp - INFO - Logger inicializado correctamente.
2025-11-28 16:10:35,403 - KardexApp.ExceptionHandler - CRITICAL - Excepci贸n no controlada: type object 'Operador' has no attribute 'vencimiento_licencia'
Traceback (most recent call last):
  File "C:\Users\USER\Github\kardex\kardex-valorizado\main.py", line 991, in on_module_selected
    launch_rental()
    ~~~~~~~~~~~~~^^
  File "C:\Users\USER\Github\kardex\kardex-valorizado\main.py", line 979, in launch_rental
    main_window = RentalMainWindow()
  File "C:\Users\USER\Github\kardex\kardex-valorizado\src\views\rental_main_window.py", line 28, in __init__
    self.init_ui()
    ~~~~~~~~~~~~^^
  File "C:\Users\USER\Github\kardex\kardex-valorizado\src\views\rental_main_window.py", line 80, in init_ui
    self.dashboard_widget = RentalDashboardWidget()
                            ~~~~~~~~~~~~~~~~~~~~~^^
  File "C:\Users\USER\Github\kardex\kardex-valorizado\src\views\rental_dashboard.py", line 38, in __init__
    self.load_alerts()
    ~~~~~~~~~~~~~~~~^^
  File "C:\Users\USER\Github\kardex\kardex-valorizado\src\views\rental_dashboard.py", line 112, in load_alerts
    Operador.vencimiento_licencia != None
    ^^^^^^^^^^^^^^^^^^^^^^^^^^^^^
AttributeError: type object 'Operador' has no attribute 'vencimiento_licencia'. Did you mean: 'fecha_vencimiento_licencia'?

2025-11-28 16:10:58,762 - KardexApp - INFO - Logger inicializado correctamente.
2025-11-28 16:10:58,889 - KardexApp.ExceptionHandler - CRITICAL - Excepci贸n no controlada: 'charmap' codec can't encode character '\U0001f4a1' in position 0: character maps to <undefined>
Traceback (most recent call last):
  File "C:\Users\USER\Github\kardex\kardex-valorizado\main.py", line 1010, in <module>
    main()
    ~~~~^^
  File "C:\Users\USER\Github\kardex\kardex-valorizado\main.py", line 950, in main
    stylesheet = get_theme_stylesheet(base_path=base_path.as_posix())
  File "C:\Users\USER\Github\kardex\kardex-valorizado\src\utils\themes.py", line 364, in get_theme_stylesheet
    print(" Tema claro detectado. Aplicando estilos claros.")
    ~~~~~^^^^^^^^^^^^^^^^^^^^^^^^^^^^^^^^^^^^^^^^^^^^^^^^^^^^^^
  File "C:\Program Files\WindowsApps\PythonSoftwareFoundation.Python.3.13_3.13.2544.0_x64__qbz5n2kfra8p0\Lib\encodings\cp1252.py", line 19, in encode
    return codecs.charmap_encode(input,self.errors,encoding_table)[0]
           ~~~~~~~~~~~~~~~~~~~~~^^^^^^^^^^^^^^^^^^^^^^^^^^^^^^^^^^
UnicodeEncodeError: 'charmap' codec can't encode character '\U0001f4a1' in position 0: character maps to <undefined>

2025-11-28 16:14:19,910 - KardexApp - INFO - Logger inicializado correctamente.
2025-11-28 16:14:28,184 - KardexApp.ExceptionHandler - CRITICAL - Excepci贸n no controlada: type object 'Operador' has no attribute 'vencimiento_licencia'
Traceback (most recent call last):
  File "C:\Users\USER\Github\kardex\kardex-valorizado\main.py", line 991, in on_module_selected
    launch_rental()
    ~~~~~~~~~~~~~^^
  File "C:\Users\USER\Github\kardex\kardex-valorizado\main.py", line 979, in launch_rental
    main_window = RentalMainWindow()
  File "C:\Users\USER\Github\kardex\kardex-valorizado\src\views\rental_main_window.py", line 28, in __init__
    self.init_ui()
    ~~~~~~~~~~~~^^
  File "C:\Users\USER\Github\kardex\kardex-valorizado\src\views\rental_main_window.py", line 80, in init_ui
    self.dashboard_widget = RentalDashboardWidget()
                            ~~~~~~~~~~~~~~~~~~~~~^^
  File "C:\Users\USER\Github\kardex\kardex-valorizado\src\views\rental_dashboard.py", line 38, in __init__
    self.load_alerts()
    ~~~~~~~~~~~~~~~~^^
  File "C:\Users\USER\Github\kardex\kardex-valorizado\src\views\rental_dashboard.py", line 112, in load_alerts
    Operador.vencimiento_licencia != None
    ^^^^^^^^^^^^^^^^^^^^^^^^^^^^^
AttributeError: type object 'Operador' has no attribute 'vencimiento_licencia'. Did you mean: 'fecha_vencimiento_licencia'?

2025-11-28 16:15:02,440 - KardexApp - INFO - Logger inicializado correctamente.
2025-11-28 16:19:14,660 - KardexApp - INFO - Logger inicializado correctamente.
2025-11-28 16:19:24,744 - KardexApp.ExceptionHandler - CRITICAL - Excepci贸n no controlada: type object 'Operador' has no attribute 'vencimiento_licencia'
Traceback (most recent call last):
  File "C:\Users\USER\Github\kardex\kardex-valorizado\main.py", line 991, in on_module_selected
    launch_rental()
    ~~~~~~~~~~~~~^^
  File "C:\Users\USER\Github\kardex\kardex-valorizado\main.py", line 979, in launch_rental
    main_window = RentalMainWindow()
  File "C:\Users\USER\Github\kardex\kardex-valorizado\src\views\rental_main_window.py", line 28, in __init__
    self.init_ui()
    ~~~~~~~~~~~~^^
  File "C:\Users\USER\Github\kardex\kardex-valorizado\src\views\rental_main_window.py", line 80, in init_ui
    self.dashboard_widget = RentalDashboardWidget()
                            ~~~~~~~~~~~~~~~~~~~~~^^
  File "C:\Users\USER\Github\kardex\kardex-valorizado\src\views\rental_dashboard.py", line 38, in __init__
    self.load_alerts()
    ~~~~~~~~~~~~~~~~^^
  File "C:\Users\USER\Github\kardex\kardex-valorizado\src\views\rental_dashboard.py", line 112, in load_alerts
    Operador.vencimiento_licencia != None
    ^^^^^^^^^^^^^^^^^^^^^^^^^^^^^
AttributeError: type object 'Operador' has no attribute 'vencimiento_licencia'. Did you mean: 'fecha_vencimiento_licencia'?

2025-11-28 16:30:04,675 - KardexApp - INFO - Logger inicializado correctamente.
2025-11-28 16:30:16,299 - KardexApp.ExceptionHandler - CRITICAL - Excepci贸n no controlada: type object 'Operador' has no attribute 'vencimiento_licencia'
Traceback (most recent call last):
  File "C:\Users\USER\Github\kardex\kardex-valorizado\main.py", line 991, in on_module_selected
    launch_rental()
    ~~~~~~~~~~~~~^^
  File "C:\Users\USER\Github\kardex\kardex-valorizado\main.py", line 979, in launch_rental
    main_window = RentalMainWindow()
  File "C:\Users\USER\Github\kardex\kardex-valorizado\src\views\rental_main_window.py", line 28, in __init__
    self.init_ui()
    ~~~~~~~~~~~~^^
  File "C:\Users\USER\Github\kardex\kardex-valorizado\src\views\rental_main_window.py", line 80, in init_ui
    self.dashboard_widget = RentalDashboardWidget()
                            ~~~~~~~~~~~~~~~~~~~~~^^
  File "C:\Users\USER\Github\kardex\kardex-valorizado\src\views\rental_dashboard.py", line 38, in __init__
    self.load_alerts()
    ~~~~~~~~~~~~~~~~^^
  File "C:\Users\USER\Github\kardex\kardex-valorizado\src\views\rental_dashboard.py", line 112, in load_alerts
    Operador.vencimiento_licencia != None
    ^^^^^^^^^^^^^^^^^^^^^^^^^^^^^
AttributeError: type object 'Operador' has no attribute 'vencimiento_licencia'. Did you mean: 'fecha_vencimiento_licencia'?

2025-11-28 16:32:48,643 - KardexApp - INFO - Logger inicializado correctamente.
2025-11-28 16:33:03,893 - KardexApp.ExceptionHandler - CRITICAL - Excepci贸n no controlada: (sqlite3.OperationalError) no such column: alquileres.numero_contrato
[SQL: SELECT alquileres.id AS alquileres_id, alquileres.cliente_id AS alquileres_cliente_id, alquileres.proyecto_id AS alquileres_proyecto_id, alquileres.numero_contrato AS alquileres_numero_contrato, alquileres.fecha_inicio AS alquileres_fecha_inicio, alquileres.fecha_fin_estimada AS alquileres_fecha_fin_estimada, alquileres.fecha_fin_real AS alquileres_fecha_fin_real, alquileres.moneda AS alquileres_moneda, alquileres.tipo_cambio AS alquileres_tipo_cambio, alquileres.subtotal AS alquileres_subtotal, alquileres.igv AS alquileres_igv, alquileres.total AS alquileres_total, alquileres.estado AS alquileres_estado, alquileres.observaciones AS alquileres_observaciones, alquileres.fecha_registro AS alquileres_fecha_registro 
FROM alquileres 
WHERE alquileres.estado = ? AND alquileres.fecha_fin_estimada IS NOT NULL]
[parameters: ('ACTIVO',)]
(Background on this error at: https://sqlalche.me/e/20/e3q8)
Traceback (most recent call last):
  File "C:\Users\USER\AppData\Local\Packages\PythonSoftwareFoundation.Python.3.13_qbz5n2kfra8p0\LocalCache\local-packages\Python313\site-packages\sqlalchemy\engine\base.py", line 1967, in _exec_single_context
    self.dialect.do_execute(
    ~~~~~~~~~~~~~~~~~~~~~~~^
        cursor, str_statement, effective_parameters, context
        ^^^^^^^^^^^^^^^^^^^^^^^^^^^^^^^^^^^^^^^^^^^^^^^^^^^^
    )
    ^
  File "C:\Users\USER\AppData\Local\Packages\PythonSoftwareFoundation.Python.3.13_qbz5n2kfra8p0\LocalCache\local-packages\Python313\site-packages\sqlalchemy\engine\default.py", line 951, in do_execute
    cursor.execute(statement, parameters)
    ~~~~~~~~~~~~~~^^^^^^^^^^^^^^^^^^^^^^^
sqlite3.OperationalError: no such column: alquileres.numero_contrato

The above exception was the direct cause of the following exception:

Traceback (most recent call last):
  File "C:\Users\USER\Github\kardex\kardex-valorizado\main.py", line 991, in on_module_selected
    launch_rental()
    ~~~~~~~~~~~~~^^
  File "C:\Users\USER\Github\kardex\kardex-valorizado\main.py", line 979, in launch_rental
    main_window = RentalMainWindow()
  File "C:\Users\USER\Github\kardex\kardex-valorizado\src\views\rental_main_window.py", line 28, in __init__
    self.init_ui()
    ~~~~~~~~~~~~^^
  File "C:\Users\USER\Github\kardex\kardex-valorizado\src\views\rental_main_window.py", line 80, in init_ui
    self.dashboard_widget = RentalDashboardWidget()
                            ~~~~~~~~~~~~~~~~~~~~~^^
  File "C:\Users\USER\Github\kardex\kardex-valorizado\src\views\rental_dashboard.py", line 38, in __init__
    self.load_alerts()
    ~~~~~~~~~~~~~~~~^^
  File "C:\Users\USER\Github\kardex\kardex-valorizado\src\views\rental_dashboard.py", line 142, in load_alerts
    ).all()
      ~~~^^
  File "C:\Users\USER\AppData\Local\Packages\PythonSoftwareFoundation.Python.3.13_qbz5n2kfra8p0\LocalCache\local-packages\Python313\site-packages\sqlalchemy\orm\query.py", line 2704, in all
    return self._iter().all()  # type: ignore
           ~~~~~~~~~~^^
  File "C:\Users\USER\AppData\Local\Packages\PythonSoftwareFoundation.Python.3.13_qbz5n2kfra8p0\LocalCache\local-packages\Python313\site-packages\sqlalchemy\orm\query.py", line 2857, in _iter
    result: Union[ScalarResult[_T], Result[_T]] = self.session.execute(
                                                  ~~~~~~~~~~~~~~~~~~~~^
        statement,
        ^^^^^^^^^^
        params,
        ^^^^^^^
        execution_options={"_sa_orm_load_options": self.load_options},
        ^^^^^^^^^^^^^^^^^^^^^^^^^^^^^^^^^^^^^^^^^^^^^^^^^^^^^^^^^^^^^^
    )
    ^
  File "C:\Users\USER\AppData\Local\Packages\PythonSoftwareFoundation.Python.3.13_qbz5n2kfra8p0\LocalCache\local-packages\Python313\site-packages\sqlalchemy\orm\session.py", line 2351, in execute
    return self._execute_internal(
           ~~~~~~~~~~~~~~~~~~~~~~^
        statement,
        ^^^^^^^^^^
    ...<4 lines>...
        _add_event=_add_event,
        ^^^^^^^^^^^^^^^^^^^^^^
    )
    ^
  File "C:\Users\USER\AppData\Local\Packages\PythonSoftwareFoundation.Python.3.13_qbz5n2kfra8p0\LocalCache\local-packages\Python313\site-packages\sqlalchemy\orm\session.py", line 2249, in _execute_internal
    result: Result[Any] = compile_state_cls.orm_execute_statement(
                          ~~~~~~~~~~~~~~~~~~~~~~~~~~~~~~~~~~~~~~~^
        self,
        ^^^^^
    ...<4 lines>...
        conn,
        ^^^^^
    )
    ^
  File "C:\Users\USER\AppData\Local\Packages\PythonSoftwareFoundation.Python.3.13_qbz5n2kfra8p0\LocalCache\local-packages\Python313\site-packages\sqlalchemy\orm\context.py", line 306, in orm_execute_statement
    result = conn.execute(
        statement, params or {}, execution_options=execution_options
    )
  File "C:\Users\USER\AppData\Local\Packages\PythonSoftwareFoundation.Python.3.13_qbz5n2kfra8p0\LocalCache\local-packages\Python313\site-packages\sqlalchemy\engine\base.py", line 1419, in execute
    return meth(
        self,
        distilled_parameters,
        execution_options or NO_OPTIONS,
    )
  File "C:\Users\USER\AppData\Local\Packages\PythonSoftwareFoundation.Python.3.13_qbz5n2kfra8p0\LocalCache\local-packages\Python313\site-packages\sqlalchemy\sql\elements.py", line 526, in _execute_on_connection
    return connection._execute_clauseelement(
           ~~~~~~~~~~~~~~~~~~~~~~~~~~~~~~~~~^
        self, distilled_params, execution_options
        ^^^^^^^^^^^^^^^^^^^^^^^^^^^^^^^^^^^^^^^^^
    )
    ^
  File "C:\Users\USER\AppData\Local\Packages\PythonSoftwareFoundation.Python.3.13_qbz5n2kfra8p0\LocalCache\local-packages\Python313\site-packages\sqlalchemy\engine\base.py", line 1641, in _execute_clauseelement
    ret = self._execute_context(
        dialect,
    ...<8 lines>...
        cache_hit=cache_hit,
    )
  File "C:\Users\USER\AppData\Local\Packages\PythonSoftwareFoundation.Python.3.13_qbz5n2kfra8p0\LocalCache\local-packages\Python313\site-packages\sqlalchemy\engine\base.py", line 1846, in _execute_context
    return self._exec_single_context(
           ~~~~~~~~~~~~~~~~~~~~~~~~~^
        dialect, context, statement, parameters
        ^^^^^^^^^^^^^^^^^^^^^^^^^^^^^^^^^^^^^^^
    )
    ^
  File "C:\Users\USER\AppData\Local\Packages\PythonSoftwareFoundation.Python.3.13_qbz5n2kfra8p0\LocalCache\local-packages\Python313\site-packages\sqlalchemy\engine\base.py", line 1986, in _exec_single_context
    self._handle_dbapi_exception(
    ~~~~~~~~~~~~~~~~~~~~~~~~~~~~^
        e, str_statement, effective_parameters, cursor, context
        ^^^^^^^^^^^^^^^^^^^^^^^^^^^^^^^^^^^^^^^^^^^^^^^^^^^^^^^
    )
    ^
  File "C:\Users\USER\AppData\Local\Packages\PythonSoftwareFoundation.Python.3.13_qbz5n2kfra8p0\LocalCache\local-packages\Python313\site-packages\sqlalchemy\engine\base.py", line 2355, in _handle_dbapi_exception
    raise sqlalchemy_exception.with_traceback(exc_info[2]) from e
  File "C:\Users\USER\AppData\Local\Packages\PythonSoftwareFoundation.Python.3.13_qbz5n2kfra8p0\LocalCache\local-packages\Python313\site-packages\sqlalchemy\engine\base.py", line 1967, in _exec_single_context
    self.dialect.do_execute(
    ~~~~~~~~~~~~~~~~~~~~~~~^
        cursor, str_statement, effective_parameters, context
        ^^^^^^^^^^^^^^^^^^^^^^^^^^^^^^^^^^^^^^^^^^^^^^^^^^^^
    )
    ^
  File "C:\Users\USER\AppData\Local\Packages\PythonSoftwareFoundation.Python.3.13_qbz5n2kfra8p0\LocalCache\local-packages\Python313\site-packages\sqlalchemy\engine\default.py", line 951, in do_execute
    cursor.execute(statement, parameters)
    ~~~~~~~~~~~~~~^^^^^^^^^^^^^^^^^^^^^^^
sqlalchemy.exc.OperationalError: (sqlite3.OperationalError) no such column: alquileres.numero_contrato
[SQL: SELECT alquileres.id AS alquileres_id, alquileres.cliente_id AS alquileres_cliente_id, alquileres.proyecto_id AS alquileres_proyecto_id, alquileres.numero_contrato AS alquileres_numero_contrato, alquileres.fecha_inicio AS alquileres_fecha_inicio, alquileres.fecha_fin_estimada AS alquileres_fecha_fin_estimada, alquileres.fecha_fin_real AS alquileres_fecha_fin_real, alquileres.moneda AS alquileres_moneda, alquileres.tipo_cambio AS alquileres_tipo_cambio, alquileres.subtotal AS alquileres_subtotal, alquileres.igv AS alquileres_igv, alquileres.total AS alquileres_total, alquileres.estado AS alquileres_estado, alquileres.observaciones AS alquileres_observaciones, alquileres.fecha_registro AS alquileres_fecha_registro 
FROM alquileres 
WHERE alquileres.estado = ? AND alquileres.fecha_fin_estimada IS NOT NULL]
[parameters: ('ACTIVO',)]
(Background on this error at: https://sqlalche.me/e/20/e3q8)

2025-11-28 16:47:24,784 - KardexApp - INFO - Logger inicializado correctamente.
2025-11-28 16:47:39,996 - KardexApp.ExceptionHandler - CRITICAL - Excepci贸n no controlada: (sqlite3.OperationalError) no such column: alquileres.fecha_fin_real
[SQL: SELECT alquileres.id AS alquileres_id, alquileres.cliente_id AS alquileres_cliente_id, alquileres.proyecto_id AS alquileres_proyecto_id, alquileres.numero_contrato AS alquileres_numero_contrato, alquileres.fecha_inicio AS alquileres_fecha_inicio, alquileres.fecha_fin_estimada AS alquileres_fecha_fin_estimada, alquileres.fecha_fin_real AS alquileres_fecha_fin_real, alquileres.moneda AS alquileres_moneda, alquileres.tipo_cambio AS alquileres_tipo_cambio, alquileres.subtotal AS alquileres_subtotal, alquileres.igv AS alquileres_igv, alquileres.total AS alquileres_total, alquileres.estado AS alquileres_estado, alquileres.observaciones AS alquileres_observaciones, alquileres.fecha_registro AS alquileres_fecha_registro 
FROM alquileres 
WHERE alquileres.estado = ? AND alquileres.fecha_fin_estimada IS NOT NULL]
[parameters: ('ACTIVO',)]
(Background on this error at: https://sqlalche.me/e/20/e3q8)
Traceback (most recent call last):
  File "C:\Users\USER\AppData\Local\Packages\PythonSoftwareFoundation.Python.3.13_qbz5n2kfra8p0\LocalCache\local-packages\Python313\site-packages\sqlalchemy\engine\base.py", line 1967, in _exec_single_context
    self.dialect.do_execute(
    ~~~~~~~~~~~~~~~~~~~~~~~^
        cursor, str_statement, effective_parameters, context
        ^^^^^^^^^^^^^^^^^^^^^^^^^^^^^^^^^^^^^^^^^^^^^^^^^^^^
    )
    ^
  File "C:\Users\USER\AppData\Local\Packages\PythonSoftwareFoundation.Python.3.13_qbz5n2kfra8p0\LocalCache\local-packages\Python313\site-packages\sqlalchemy\engine\default.py", line 951, in do_execute
    cursor.execute(statement, parameters)
    ~~~~~~~~~~~~~~^^^^^^^^^^^^^^^^^^^^^^^
sqlite3.OperationalError: no such column: alquileres.fecha_fin_real

The above exception was the direct cause of the following exception:

Traceback (most recent call last):
  File "C:\Users\USER\Github\kardex\kardex-valorizado\main.py", line 991, in on_module_selected
    launch_rental()
    ~~~~~~~~~~~~~^^
  File "C:\Users\USER\Github\kardex\kardex-valorizado\main.py", line 979, in launch_rental
    main_window = RentalMainWindow()
  File "C:\Users\USER\Github\kardex\kardex-valorizado\src\views\rental_main_window.py", line 28, in __init__
    self.init_ui()
    ~~~~~~~~~~~~^^
  File "C:\Users\USER\Github\kardex\kardex-valorizado\src\views\rental_main_window.py", line 80, in init_ui
    self.dashboard_widget = RentalDashboardWidget()
                            ~~~~~~~~~~~~~~~~~~~~~^^
  File "C:\Users\USER\Github\kardex\kardex-valorizado\src\views\rental_dashboard.py", line 38, in __init__
    self.load_alerts()
    ~~~~~~~~~~~~~~~~^^
  File "C:\Users\USER\Github\kardex\kardex-valorizado\src\views\rental_dashboard.py", line 142, in load_alerts
    ).all()
      ~~~^^
  File "C:\Users\USER\AppData\Local\Packages\PythonSoftwareFoundation.Python.3.13_qbz5n2kfra8p0\LocalCache\local-packages\Python313\site-packages\sqlalchemy\orm\query.py", line 2704, in all
    return self._iter().all()  # type: ignore
           ~~~~~~~~~~^^
  File "C:\Users\USER\AppData\Local\Packages\PythonSoftwareFoundation.Python.3.13_qbz5n2kfra8p0\LocalCache\local-packages\Python313\site-packages\sqlalchemy\orm\query.py", line 2857, in _iter
    result: Union[ScalarResult[_T], Result[_T]] = self.session.execute(
                                                  ~~~~~~~~~~~~~~~~~~~~^
        statement,
        ^^^^^^^^^^
        params,
        ^^^^^^^
        execution_options={"_sa_orm_load_options": self.load_options},
        ^^^^^^^^^^^^^^^^^^^^^^^^^^^^^^^^^^^^^^^^^^^^^^^^^^^^^^^^^^^^^^
    )
    ^
  File "C:\Users\USER\AppData\Local\Packages\PythonSoftwareFoundation.Python.3.13_qbz5n2kfra8p0\LocalCache\local-packages\Python313\site-packages\sqlalchemy\orm\session.py", line 2351, in execute
    return self._execute_internal(
           ~~~~~~~~~~~~~~~~~~~~~~^
        statement,
        ^^^^^^^^^^
    ...<4 lines>...
        _add_event=_add_event,
        ^^^^^^^^^^^^^^^^^^^^^^
    )
    ^
  File "C:\Users\USER\AppData\Local\Packages\PythonSoftwareFoundation.Python.3.13_qbz5n2kfra8p0\LocalCache\local-packages\Python313\site-packages\sqlalchemy\orm\session.py", line 2249, in _execute_internal
    result: Result[Any] = compile_state_cls.orm_execute_statement(
                          ~~~~~~~~~~~~~~~~~~~~~~~~~~~~~~~~~~~~~~~^
        self,
        ^^^^^
    ...<4 lines>...
        conn,
        ^^^^^
    )
    ^
  File "C:\Users\USER\AppData\Local\Packages\PythonSoftwareFoundation.Python.3.13_qbz5n2kfra8p0\LocalCache\local-packages\Python313\site-packages\sqlalchemy\orm\context.py", line 306, in orm_execute_statement
    result = conn.execute(
        statement, params or {}, execution_options=execution_options
    )
  File "C:\Users\USER\AppData\Local\Packages\PythonSoftwareFoundation.Python.3.13_qbz5n2kfra8p0\LocalCache\local-packages\Python313\site-packages\sqlalchemy\engine\base.py", line 1419, in execute
    return meth(
        self,
        distilled_parameters,
        execution_options or NO_OPTIONS,
    )
  File "C:\Users\USER\AppData\Local\Packages\PythonSoftwareFoundation.Python.3.13_qbz5n2kfra8p0\LocalCache\local-packages\Python313\site-packages\sqlalchemy\sql\elements.py", line 526, in _execute_on_connection
    return connection._execute_clauseelement(
           ~~~~~~~~~~~~~~~~~~~~~~~~~~~~~~~~~^
        self, distilled_params, execution_options
        ^^^^^^^^^^^^^^^^^^^^^^^^^^^^^^^^^^^^^^^^^
    )
    ^
  File "C:\Users\USER\AppData\Local\Packages\PythonSoftwareFoundation.Python.3.13_qbz5n2kfra8p0\LocalCache\local-packages\Python313\site-packages\sqlalchemy\engine\base.py", line 1641, in _execute_clauseelement
    ret = self._execute_context(
        dialect,
    ...<8 lines>...
        cache_hit=cache_hit,
    )
  File "C:\Users\USER\AppData\Local\Packages\PythonSoftwareFoundation.Python.3.13_qbz5n2kfra8p0\LocalCache\local-packages\Python313\site-packages\sqlalchemy\engine\base.py", line 1846, in _execute_context
    return self._exec_single_context(
           ~~~~~~~~~~~~~~~~~~~~~~~~~^
        dialect, context, statement, parameters
        ^^^^^^^^^^^^^^^^^^^^^^^^^^^^^^^^^^^^^^^
    )
    ^
  File "C:\Users\USER\AppData\Local\Packages\PythonSoftwareFoundation.Python.3.13_qbz5n2kfra8p0\LocalCache\local-packages\Python313\site-packages\sqlalchemy\engine\base.py", line 1986, in _exec_single_context
    self._handle_dbapi_exception(
    ~~~~~~~~~~~~~~~~~~~~~~~~~~~~^
        e, str_statement, effective_parameters, cursor, context
        ^^^^^^^^^^^^^^^^^^^^^^^^^^^^^^^^^^^^^^^^^^^^^^^^^^^^^^^
    )
    ^
  File "C:\Users\USER\AppData\Local\Packages\PythonSoftwareFoundation.Python.3.13_qbz5n2kfra8p0\LocalCache\local-packages\Python313\site-packages\sqlalchemy\engine\base.py", line 2355, in _handle_dbapi_exception
    raise sqlalchemy_exception.with_traceback(exc_info[2]) from e
  File "C:\Users\USER\AppData\Local\Packages\PythonSoftwareFoundation.Python.3.13_qbz5n2kfra8p0\LocalCache\local-packages\Python313\site-packages\sqlalchemy\engine\base.py", line 1967, in _exec_single_context
    self.dialect.do_execute(
    ~~~~~~~~~~~~~~~~~~~~~~~^
        cursor, str_statement, effective_parameters, context
        ^^^^^^^^^^^^^^^^^^^^^^^^^^^^^^^^^^^^^^^^^^^^^^^^^^^^
    )
    ^
  File "C:\Users\USER\AppData\Local\Packages\PythonSoftwareFoundation.Python.3.13_qbz5n2kfra8p0\LocalCache\local-packages\Python313\site-packages\sqlalchemy\engine\default.py", line 951, in do_execute
    cursor.execute(statement, parameters)
    ~~~~~~~~~~~~~~^^^^^^^^^^^^^^^^^^^^^^^
sqlalchemy.exc.OperationalError: (sqlite3.OperationalError) no such column: alquileres.fecha_fin_real
[SQL: SELECT alquileres.id AS alquileres_id, alquileres.cliente_id AS alquileres_cliente_id, alquileres.proyecto_id AS alquileres_proyecto_id, alquileres.numero_contrato AS alquileres_numero_contrato, alquileres.fecha_inicio AS alquileres_fecha_inicio, alquileres.fecha_fin_estimada AS alquileres_fecha_fin_estimada, alquileres.fecha_fin_real AS alquileres_fecha_fin_real, alquileres.moneda AS alquileres_moneda, alquileres.tipo_cambio AS alquileres_tipo_cambio, alquileres.subtotal AS alquileres_subtotal, alquileres.igv AS alquileres_igv, alquileres.total AS alquileres_total, alquileres.estado AS alquileres_estado, alquileres.observaciones AS alquileres_observaciones, alquileres.fecha_registro AS alquileres_fecha_registro 
FROM alquileres 
WHERE alquileres.estado = ? AND alquileres.fecha_fin_estimada IS NOT NULL]
[parameters: ('ACTIVO',)]
(Background on this error at: https://sqlalche.me/e/20/e3q8)

2025-11-28 16:47:49,866 - KardexApp.ExceptionHandler - CRITICAL - Excepci贸n no controlada: 'EquipoDialog' object has no attribute 'cargar_almacenes'
Traceback (most recent call last):
  File "C:\Users\USER\Github\kardex\kardex-valorizado\src\views\base_crud_view.py", line 198, in create_item
    self._open_dialog(None)
    ~~~~~~~~~~~~~~~~~^^^^^^
  File "C:\Users\USER\Github\kardex\kardex-valorizado\src\views\equipos_window.py", line 1034, in _open_dialog
    dialog = EquipoDialog(self, equipo=item)
  File "C:\Users\USER\Github\kardex\kardex-valorizado\src\views\equipos_window.py", line 204, in __init__
    self.init_ui()
    ~~~~~~~~~~~~^^
  File "C:\Users\USER\Github\kardex\kardex-valorizado\src\views\equipos_window.py", line 324, in init_ui
    self.cargar_almacenes()
    ^^^^^^^^^^^^^^^^^^^^^
AttributeError: 'EquipoDialog' object has no attribute 'cargar_almacenes'

2025-11-28 16:48:00,739 - KardexApp - INFO - Logger inicializado correctamente.
2025-11-28 16:48:36,272 - KardexApp - INFO - Logger inicializado correctamente.
2025-11-28 16:48:46,115 - KardexApp.ExceptionHandler - CRITICAL - Excepci贸n no controlada: (sqlite3.OperationalError) no such column: alquileres.fecha_fin_real
[SQL: SELECT alquileres.id AS alquileres_id, alquileres.cliente_id AS alquileres_cliente_id, alquileres.proyecto_id AS alquileres_proyecto_id, alquileres.numero_contrato AS alquileres_numero_contrato, alquileres.fecha_inicio AS alquileres_fecha_inicio, alquileres.fecha_fin_estimada AS alquileres_fecha_fin_estimada, alquileres.fecha_fin_real AS alquileres_fecha_fin_real, alquileres.moneda AS alquileres_moneda, alquileres.tipo_cambio AS alquileres_tipo_cambio, alquileres.subtotal AS alquileres_subtotal, alquileres.igv AS alquileres_igv, alquileres.total AS alquileres_total, alquileres.estado AS alquileres_estado, alquileres.observaciones AS alquileres_observaciones, alquileres.fecha_registro AS alquileres_fecha_registro 
FROM alquileres 
WHERE alquileres.estado = ? AND alquileres.fecha_fin_estimada IS NOT NULL]
[parameters: ('ACTIVO',)]
(Background on this error at: https://sqlalche.me/e/20/e3q8)
Traceback (most recent call last):
  File "C:\Users\USER\AppData\Local\Packages\PythonSoftwareFoundation.Python.3.13_qbz5n2kfra8p0\LocalCache\local-packages\Python313\site-packages\sqlalchemy\engine\base.py", line 1967, in _exec_single_context
    self.dialect.do_execute(
    ~~~~~~~~~~~~~~~~~~~~~~~^
        cursor, str_statement, effective_parameters, context
        ^^^^^^^^^^^^^^^^^^^^^^^^^^^^^^^^^^^^^^^^^^^^^^^^^^^^
    )
    ^
  File "C:\Users\USER\AppData\Local\Packages\PythonSoftwareFoundation.Python.3.13_qbz5n2kfra8p0\LocalCache\local-packages\Python313\site-packages\sqlalchemy\engine\default.py", line 951, in do_execute
    cursor.execute(statement, parameters)
    ~~~~~~~~~~~~~~^^^^^^^^^^^^^^^^^^^^^^^
sqlite3.OperationalError: no such column: alquileres.fecha_fin_real

The above exception was the direct cause of the following exception:

Traceback (most recent call last):
  File "C:\Users\USER\Github\kardex\kardex-valorizado\main.py", line 991, in on_module_selected
    launch_rental()
    ~~~~~~~~~~~~~^^
  File "C:\Users\USER\Github\kardex\kardex-valorizado\main.py", line 979, in launch_rental
    main_window = RentalMainWindow()
  File "C:\Users\USER\Github\kardex\kardex-valorizado\src\views\rental_main_window.py", line 28, in __init__
    self.init_ui()
    ~~~~~~~~~~~~^^
  File "C:\Users\USER\Github\kardex\kardex-valorizado\src\views\rental_main_window.py", line 80, in init_ui
    self.dashboard_widget = RentalDashboardWidget()
                            ~~~~~~~~~~~~~~~~~~~~~^^
  File "C:\Users\USER\Github\kardex\kardex-valorizado\src\views\rental_dashboard.py", line 38, in __init__
    self.load_alerts()
    ~~~~~~~~~~~~~~~~^^
  File "C:\Users\USER\Github\kardex\kardex-valorizado\src\views\rental_dashboard.py", line 142, in load_alerts
    ).all()
      ~~~^^
  File "C:\Users\USER\AppData\Local\Packages\PythonSoftwareFoundation.Python.3.13_qbz5n2kfra8p0\LocalCache\local-packages\Python313\site-packages\sqlalchemy\orm\query.py", line 2704, in all
    return self._iter().all()  # type: ignore
           ~~~~~~~~~~^^
  File "C:\Users\USER\AppData\Local\Packages\PythonSoftwareFoundation.Python.3.13_qbz5n2kfra8p0\LocalCache\local-packages\Python313\site-packages\sqlalchemy\orm\query.py", line 2857, in _iter
    result: Union[ScalarResult[_T], Result[_T]] = self.session.execute(
                                                  ~~~~~~~~~~~~~~~~~~~~^
        statement,
        ^^^^^^^^^^
        params,
        ^^^^^^^
        execution_options={"_sa_orm_load_options": self.load_options},
        ^^^^^^^^^^^^^^^^^^^^^^^^^^^^^^^^^^^^^^^^^^^^^^^^^^^^^^^^^^^^^^
    )
    ^
  File "C:\Users\USER\AppData\Local\Packages\PythonSoftwareFoundation.Python.3.13_qbz5n2kfra8p0\LocalCache\local-packages\Python313\site-packages\sqlalchemy\orm\session.py", line 2351, in execute
    return self._execute_internal(
           ~~~~~~~~~~~~~~~~~~~~~~^
        statement,
        ^^^^^^^^^^
    ...<4 lines>...
        _add_event=_add_event,
        ^^^^^^^^^^^^^^^^^^^^^^
    )
    ^
  File "C:\Users\USER\AppData\Local\Packages\PythonSoftwareFoundation.Python.3.13_qbz5n2kfra8p0\LocalCache\local-packages\Python313\site-packages\sqlalchemy\orm\session.py", line 2249, in _execute_internal
    result: Result[Any] = compile_state_cls.orm_execute_statement(
                          ~~~~~~~~~~~~~~~~~~~~~~~~~~~~~~~~~~~~~~~^
        self,
        ^^^^^
    ...<4 lines>...
        conn,
        ^^^^^
    )
    ^
  File "C:\Users\USER\AppData\Local\Packages\PythonSoftwareFoundation.Python.3.13_qbz5n2kfra8p0\LocalCache\local-packages\Python313\site-packages\sqlalchemy\orm\context.py", line 306, in orm_execute_statement
    result = conn.execute(
        statement, params or {}, execution_options=execution_options
    )
  File "C:\Users\USER\AppData\Local\Packages\PythonSoftwareFoundation.Python.3.13_qbz5n2kfra8p0\LocalCache\local-packages\Python313\site-packages\sqlalchemy\engine\base.py", line 1419, in execute
    return meth(
        self,
        distilled_parameters,
        execution_options or NO_OPTIONS,
    )
  File "C:\Users\USER\AppData\Local\Packages\PythonSoftwareFoundation.Python.3.13_qbz5n2kfra8p0\LocalCache\local-packages\Python313\site-packages\sqlalchemy\sql\elements.py", line 526, in _execute_on_connection
    return connection._execute_clauseelement(
           ~~~~~~~~~~~~~~~~~~~~~~~~~~~~~~~~~^
        self, distilled_params, execution_options
        ^^^^^^^^^^^^^^^^^^^^^^^^^^^^^^^^^^^^^^^^^
    )
    ^
  File "C:\Users\USER\AppData\Local\Packages\PythonSoftwareFoundation.Python.3.13_qbz5n2kfra8p0\LocalCache\local-packages\Python313\site-packages\sqlalchemy\engine\base.py", line 1641, in _execute_clauseelement
    ret = self._execute_context(
        dialect,
    ...<8 lines>...
        cache_hit=cache_hit,
    )
  File "C:\Users\USER\AppData\Local\Packages\PythonSoftwareFoundation.Python.3.13_qbz5n2kfra8p0\LocalCache\local-packages\Python313\site-packages\sqlalchemy\engine\base.py", line 1846, in _execute_context
    return self._exec_single_context(
           ~~~~~~~~~~~~~~~~~~~~~~~~~^
        dialect, context, statement, parameters
        ^^^^^^^^^^^^^^^^^^^^^^^^^^^^^^^^^^^^^^^
    )
    ^
  File "C:\Users\USER\AppData\Local\Packages\PythonSoftwareFoundation.Python.3.13_qbz5n2kfra8p0\LocalCache\local-packages\Python313\site-packages\sqlalchemy\engine\base.py", line 1986, in _exec_single_context
    self._handle_dbapi_exception(
    ~~~~~~~~~~~~~~~~~~~~~~~~~~~~^
        e, str_statement, effective_parameters, cursor, context
        ^^^^^^^^^^^^^^^^^^^^^^^^^^^^^^^^^^^^^^^^^^^^^^^^^^^^^^^
    )
    ^
  File "C:\Users\USER\AppData\Local\Packages\PythonSoftwareFoundation.Python.3.13_qbz5n2kfra8p0\LocalCache\local-packages\Python313\site-packages\sqlalchemy\engine\base.py", line 2355, in _handle_dbapi_exception
    raise sqlalchemy_exception.with_traceback(exc_info[2]) from e
  File "C:\Users\USER\AppData\Local\Packages\PythonSoftwareFoundation.Python.3.13_qbz5n2kfra8p0\LocalCache\local-packages\Python313\site-packages\sqlalchemy\engine\base.py", line 1967, in _exec_single_context
    self.dialect.do_execute(
    ~~~~~~~~~~~~~~~~~~~~~~~^
        cursor, str_statement, effective_parameters, context
        ^^^^^^^^^^^^^^^^^^^^^^^^^^^^^^^^^^^^^^^^^^^^^^^^^^^^
    )
    ^
  File "C:\Users\USER\AppData\Local\Packages\PythonSoftwareFoundation.Python.3.13_qbz5n2kfra8p0\LocalCache\local-packages\Python313\site-packages\sqlalchemy\engine\default.py", line 951, in do_execute
    cursor.execute(statement, parameters)
    ~~~~~~~~~~~~~~^^^^^^^^^^^^^^^^^^^^^^^
sqlalchemy.exc.OperationalError: (sqlite3.OperationalError) no such column: alquileres.fecha_fin_real
[SQL: SELECT alquileres.id AS alquileres_id, alquileres.cliente_id AS alquileres_cliente_id, alquileres.proyecto_id AS alquileres_proyecto_id, alquileres.numero_contrato AS alquileres_numero_contrato, alquileres.fecha_inicio AS alquileres_fecha_inicio, alquileres.fecha_fin_estimada AS alquileres_fecha_fin_estimada, alquileres.fecha_fin_real AS alquileres_fecha_fin_real, alquileres.moneda AS alquileres_moneda, alquileres.tipo_cambio AS alquileres_tipo_cambio, alquileres.subtotal AS alquileres_subtotal, alquileres.igv AS alquileres_igv, alquileres.total AS alquileres_total, alquileres.estado AS alquileres_estado, alquileres.observaciones AS alquileres_observaciones, alquileres.fecha_registro AS alquileres_fecha_registro 
FROM alquileres 
WHERE alquileres.estado = ? AND alquileres.fecha_fin_estimada IS NOT NULL]
[parameters: ('ACTIVO',)]
(Background on this error at: https://sqlalche.me/e/20/e3q8)

2025-11-28 16:50:57,367 - KardexApp - INFO - Logger inicializado correctamente.
2025-11-28 16:53:44,672 - KardexApp.ExceptionHandler - CRITICAL - Excepci贸n no controlada: 'EquipoDialog' object has no attribute 'cargar_almacenes'
Traceback (most recent call last):
  File "C:\Users\USER\Github\kardex\kardex-valorizado\src\views\base_crud_view.py", line 198, in create_item
    self._open_dialog(None)
    ~~~~~~~~~~~~~~~~~^^^^^^
  File "C:\Users\USER\Github\kardex\kardex-valorizado\src\views\equipos_window.py", line 1034, in _open_dialog
    dialog = EquipoDialog(self, equipo=item)
  File "C:\Users\USER\Github\kardex\kardex-valorizado\src\views\equipos_window.py", line 204, in __init__
    self.init_ui()
    ~~~~~~~~~~~~^^
  File "C:\Users\USER\Github\kardex\kardex-valorizado\src\views\equipos_window.py", line 324, in init_ui
    self.cargar_almacenes()
    ^^^^^^^^^^^^^^^^^^^^^
AttributeError: 'EquipoDialog' object has no attribute 'cargar_almacenes'

2025-11-28 16:55:08,081 - KardexApp.ExceptionHandler - CRITICAL - Excepci贸n no controlada: (sqlite3.OperationalError) no such column: requisiciones.fecha_requerida
[SQL: SELECT requisiciones.id AS requisiciones_id, requisiciones.proyecto_id AS requisiciones_proyecto_id, requisiciones.solicitante_id AS requisiciones_solicitante_id, requisiciones.numero_requisicion AS requisiciones_numero_requisicion, requisiciones.fecha AS requisiciones_fecha, requisiciones.fecha_requerida AS requisiciones_fecha_requerida, requisiciones.estado AS requisiciones_estado, requisiciones.observaciones AS requisiciones_observaciones, requisiciones.fecha_registro AS requisiciones_fecha_registro 
FROM requisiciones 
WHERE requisiciones.fecha >= ? AND requisiciones.fecha <= ? ORDER BY requisiciones.fecha DESC]
[parameters: ('2025-01-01', '2025-12-31')]
(Background on this error at: https://sqlalche.me/e/20/e3q8)
Traceback (most recent call last):
  File "C:\Users\USER\AppData\Local\Packages\PythonSoftwareFoundation.Python.3.13_qbz5n2kfra8p0\LocalCache\local-packages\Python313\site-packages\sqlalchemy\engine\base.py", line 1967, in _exec_single_context
    self.dialect.do_execute(
    ~~~~~~~~~~~~~~~~~~~~~~~^
        cursor, str_statement, effective_parameters, context
        ^^^^^^^^^^^^^^^^^^^^^^^^^^^^^^^^^^^^^^^^^^^^^^^^^^^^
    )
    ^
  File "C:\Users\USER\AppData\Local\Packages\PythonSoftwareFoundation.Python.3.13_qbz5n2kfra8p0\LocalCache\local-packages\Python313\site-packages\sqlalchemy\engine\default.py", line 951, in do_execute
    cursor.execute(statement, parameters)
    ~~~~~~~~~~~~~~^^^^^^^^^^^^^^^^^^^^^^^
sqlite3.OperationalError: no such column: requisiciones.fecha_requerida

The above exception was the direct cause of the following exception:

Traceback (most recent call last):
  File "C:\Users\USER\Github\kardex\kardex-valorizado\main.py", line 792, in abrir_requisiciones
    requisiciones_widget = RequisicionesWindow(user_info=self.user_info)
  File "C:\Users\USER\Github\kardex\kardex-valorizado\src\views\requisiciones_window.py", line 695, in __init__
    self.cargar_requisiciones()
    ~~~~~~~~~~~~~~~~~~~~~~~~~^^
  File "C:\Users\USER\Github\kardex\kardex-valorizado\src\views\requisiciones_window.py", line 796, in cargar_requisiciones
    ).order_by(Requisicion.fecha.desc()).all()
                                         ~~~^^
  File "C:\Users\USER\AppData\Local\Packages\PythonSoftwareFoundation.Python.3.13_qbz5n2kfra8p0\LocalCache\local-packages\Python313\site-packages\sqlalchemy\orm\query.py", line 2704, in all
    return self._iter().all()  # type: ignore
           ~~~~~~~~~~^^
  File "C:\Users\USER\AppData\Local\Packages\PythonSoftwareFoundation.Python.3.13_qbz5n2kfra8p0\LocalCache\local-packages\Python313\site-packages\sqlalchemy\orm\query.py", line 2857, in _iter
    result: Union[ScalarResult[_T], Result[_T]] = self.session.execute(
                                                  ~~~~~~~~~~~~~~~~~~~~^
        statement,
        ^^^^^^^^^^
        params,
        ^^^^^^^
        execution_options={"_sa_orm_load_options": self.load_options},
        ^^^^^^^^^^^^^^^^^^^^^^^^^^^^^^^^^^^^^^^^^^^^^^^^^^^^^^^^^^^^^^
    )
    ^
  File "C:\Users\USER\AppData\Local\Packages\PythonSoftwareFoundation.Python.3.13_qbz5n2kfra8p0\LocalCache\local-packages\Python313\site-packages\sqlalchemy\orm\session.py", line 2351, in execute
    return self._execute_internal(
           ~~~~~~~~~~~~~~~~~~~~~~^
        statement,
        ^^^^^^^^^^
    ...<4 lines>...
        _add_event=_add_event,
        ^^^^^^^^^^^^^^^^^^^^^^
    )
    ^
  File "C:\Users\USER\AppData\Local\Packages\PythonSoftwareFoundation.Python.3.13_qbz5n2kfra8p0\LocalCache\local-packages\Python313\site-packages\sqlalchemy\orm\session.py", line 2249, in _execute_internal
    result: Result[Any] = compile_state_cls.orm_execute_statement(
                          ~~~~~~~~~~~~~~~~~~~~~~~~~~~~~~~~~~~~~~~^
        self,
        ^^^^^
    ...<4 lines>...
        conn,
        ^^^^^
    )
    ^
  File "C:\Users\USER\AppData\Local\Packages\PythonSoftwareFoundation.Python.3.13_qbz5n2kfra8p0\LocalCache\local-packages\Python313\site-packages\sqlalchemy\orm\context.py", line 306, in orm_execute_statement
    result = conn.execute(
        statement, params or {}, execution_options=execution_options
    )
  File "C:\Users\USER\AppData\Local\Packages\PythonSoftwareFoundation.Python.3.13_qbz5n2kfra8p0\LocalCache\local-packages\Python313\site-packages\sqlalchemy\engine\base.py", line 1419, in execute
    return meth(
        self,
        distilled_parameters,
        execution_options or NO_OPTIONS,
    )
  File "C:\Users\USER\AppData\Local\Packages\PythonSoftwareFoundation.Python.3.13_qbz5n2kfra8p0\LocalCache\local-packages\Python313\site-packages\sqlalchemy\sql\elements.py", line 526, in _execute_on_connection
    return connection._execute_clauseelement(
           ~~~~~~~~~~~~~~~~~~~~~~~~~~~~~~~~~^
        self, distilled_params, execution_options
        ^^^^^^^^^^^^^^^^^^^^^^^^^^^^^^^^^^^^^^^^^
    )
    ^
  File "C:\Users\USER\AppData\Local\Packages\PythonSoftwareFoundation.Python.3.13_qbz5n2kfra8p0\LocalCache\local-packages\Python313\site-packages\sqlalchemy\engine\base.py", line 1641, in _execute_clauseelement
    ret = self._execute_context(
        dialect,
    ...<8 lines>...
        cache_hit=cache_hit,
    )
  File "C:\Users\USER\AppData\Local\Packages\PythonSoftwareFoundation.Python.3.13_qbz5n2kfra8p0\LocalCache\local-packages\Python313\site-packages\sqlalchemy\engine\base.py", line 1846, in _execute_context
    return self._exec_single_context(
           ~~~~~~~~~~~~~~~~~~~~~~~~~^
        dialect, context, statement, parameters
        ^^^^^^^^^^^^^^^^^^^^^^^^^^^^^^^^^^^^^^^
    )
    ^
  File "C:\Users\USER\AppData\Local\Packages\PythonSoftwareFoundation.Python.3.13_qbz5n2kfra8p0\LocalCache\local-packages\Python313\site-packages\sqlalchemy\engine\base.py", line 1986, in _exec_single_context
    self._handle_dbapi_exception(
    ~~~~~~~~~~~~~~~~~~~~~~~~~~~~^
        e, str_statement, effective_parameters, cursor, context
        ^^^^^^^^^^^^^^^^^^^^^^^^^^^^^^^^^^^^^^^^^^^^^^^^^^^^^^^
    )
    ^
  File "C:\Users\USER\AppData\Local\Packages\PythonSoftwareFoundation.Python.3.13_qbz5n2kfra8p0\LocalCache\local-packages\Python313\site-packages\sqlalchemy\engine\base.py", line 2355, in _handle_dbapi_exception
    raise sqlalchemy_exception.with_traceback(exc_info[2]) from e
  File "C:\Users\USER\AppData\Local\Packages\PythonSoftwareFoundation.Python.3.13_qbz5n2kfra8p0\LocalCache\local-packages\Python313\site-packages\sqlalchemy\engine\base.py", line 1967, in _exec_single_context
    self.dialect.do_execute(
    ~~~~~~~~~~~~~~~~~~~~~~~^
        cursor, str_statement, effective_parameters, context
        ^^^^^^^^^^^^^^^^^^^^^^^^^^^^^^^^^^^^^^^^^^^^^^^^^^^^
    )
    ^
  File "C:\Users\USER\AppData\Local\Packages\PythonSoftwareFoundation.Python.3.13_qbz5n2kfra8p0\LocalCache\local-packages\Python313\site-packages\sqlalchemy\engine\default.py", line 951, in do_execute
    cursor.execute(statement, parameters)
    ~~~~~~~~~~~~~~^^^^^^^^^^^^^^^^^^^^^^^
sqlalchemy.exc.OperationalError: (sqlite3.OperationalError) no such column: requisiciones.fecha_requerida
[SQL: SELECT requisiciones.id AS requisiciones_id, requisiciones.proyecto_id AS requisiciones_proyecto_id, requisiciones.solicitante_id AS requisiciones_solicitante_id, requisiciones.numero_requisicion AS requisiciones_numero_requisicion, requisiciones.fecha AS requisiciones_fecha, requisiciones.fecha_requerida AS requisiciones_fecha_requerida, requisiciones.estado AS requisiciones_estado, requisiciones.observaciones AS requisiciones_observaciones, requisiciones.fecha_registro AS requisiciones_fecha_registro 
FROM requisiciones 
WHERE requisiciones.fecha >= ? AND requisiciones.fecha <= ? ORDER BY requisiciones.fecha DESC]
[parameters: ('2025-01-01', '2025-12-31')]
(Background on this error at: https://sqlalche.me/e/20/e3q8)

2025-11-28 16:56:12,998 - KardexApp - INFO - Logger inicializado correctamente.
2025-11-28 16:56:46,107 - KardexApp.ExceptionHandler - CRITICAL - Excepci贸n no controlada: (sqlite3.OperationalError) no such column: requisiciones.fecha_requerida
[SQL: SELECT requisiciones.id AS requisiciones_id, requisiciones.proyecto_id AS requisiciones_proyecto_id, requisiciones.solicitante_id AS requisiciones_solicitante_id, requisiciones.numero_requisicion AS requisiciones_numero_requisicion, requisiciones.fecha AS requisiciones_fecha, requisiciones.fecha_requerida AS requisiciones_fecha_requerida, requisiciones.estado AS requisiciones_estado, requisiciones.observaciones AS requisiciones_observaciones, requisiciones.fecha_registro AS requisiciones_fecha_registro 
FROM requisiciones 
WHERE requisiciones.fecha >= ? AND requisiciones.fecha <= ? ORDER BY requisiciones.fecha DESC]
[parameters: ('2025-01-01', '2025-12-31')]
(Background on this error at: https://sqlalche.me/e/20/e3q8)
Traceback (most recent call last):
  File "C:\Users\USER\AppData\Local\Packages\PythonSoftwareFoundation.Python.3.13_qbz5n2kfra8p0\LocalCache\local-packages\Python313\site-packages\sqlalchemy\engine\base.py", line 1967, in _exec_single_context
    self.dialect.do_execute(
    ~~~~~~~~~~~~~~~~~~~~~~~^
        cursor, str_statement, effective_parameters, context
        ^^^^^^^^^^^^^^^^^^^^^^^^^^^^^^^^^^^^^^^^^^^^^^^^^^^^
    )
    ^
  File "C:\Users\USER\AppData\Local\Packages\PythonSoftwareFoundation.Python.3.13_qbz5n2kfra8p0\LocalCache\local-packages\Python313\site-packages\sqlalchemy\engine\default.py", line 951, in do_execute
    cursor.execute(statement, parameters)
    ~~~~~~~~~~~~~~^^^^^^^^^^^^^^^^^^^^^^^
sqlite3.OperationalError: no such column: requisiciones.fecha_requerida

The above exception was the direct cause of the following exception:

Traceback (most recent call last):
  File "C:\Users\USER\Github\kardex\kardex-valorizado\main.py", line 792, in abrir_requisiciones
    requisiciones_widget = RequisicionesWindow(user_info=self.user_info)
  File "C:\Users\USER\Github\kardex\kardex-valorizado\src\views\requisiciones_window.py", line 695, in __init__
    self.cargar_requisiciones()
    ~~~~~~~~~~~~~~~~~~~~~~~~~^^
  File "C:\Users\USER\Github\kardex\kardex-valorizado\src\views\requisiciones_window.py", line 796, in cargar_requisiciones
    ).order_by(Requisicion.fecha.desc()).all()
                                         ~~~^^
  File "C:\Users\USER\AppData\Local\Packages\PythonSoftwareFoundation.Python.3.13_qbz5n2kfra8p0\LocalCache\local-packages\Python313\site-packages\sqlalchemy\orm\query.py", line 2704, in all
    return self._iter().all()  # type: ignore
           ~~~~~~~~~~^^
  File "C:\Users\USER\AppData\Local\Packages\PythonSoftwareFoundation.Python.3.13_qbz5n2kfra8p0\LocalCache\local-packages\Python313\site-packages\sqlalchemy\orm\query.py", line 2857, in _iter
    result: Union[ScalarResult[_T], Result[_T]] = self.session.execute(
                                                  ~~~~~~~~~~~~~~~~~~~~^
        statement,
        ^^^^^^^^^^
        params,
        ^^^^^^^
        execution_options={"_sa_orm_load_options": self.load_options},
        ^^^^^^^^^^^^^^^^^^^^^^^^^^^^^^^^^^^^^^^^^^^^^^^^^^^^^^^^^^^^^^
    )
    ^
  File "C:\Users\USER\AppData\Local\Packages\PythonSoftwareFoundation.Python.3.13_qbz5n2kfra8p0\LocalCache\local-packages\Python313\site-packages\sqlalchemy\orm\session.py", line 2351, in execute
    return self._execute_internal(
           ~~~~~~~~~~~~~~~~~~~~~~^
        statement,
        ^^^^^^^^^^
    ...<4 lines>...
        _add_event=_add_event,
        ^^^^^^^^^^^^^^^^^^^^^^
    )
    ^
  File "C:\Users\USER\AppData\Local\Packages\PythonSoftwareFoundation.Python.3.13_qbz5n2kfra8p0\LocalCache\local-packages\Python313\site-packages\sqlalchemy\orm\session.py", line 2249, in _execute_internal
    result: Result[Any] = compile_state_cls.orm_execute_statement(
                          ~~~~~~~~~~~~~~~~~~~~~~~~~~~~~~~~~~~~~~~^
        self,
        ^^^^^
    ...<4 lines>...
        conn,
        ^^^^^
    )
    ^
  File "C:\Users\USER\AppData\Local\Packages\PythonSoftwareFoundation.Python.3.13_qbz5n2kfra8p0\LocalCache\local-packages\Python313\site-packages\sqlalchemy\orm\context.py", line 306, in orm_execute_statement
    result = conn.execute(
        statement, params or {}, execution_options=execution_options
    )
  File "C:\Users\USER\AppData\Local\Packages\PythonSoftwareFoundation.Python.3.13_qbz5n2kfra8p0\LocalCache\local-packages\Python313\site-packages\sqlalchemy\engine\base.py", line 1419, in execute
    return meth(
        self,
        distilled_parameters,
        execution_options or NO_OPTIONS,
    )
  File "C:\Users\USER\AppData\Local\Packages\PythonSoftwareFoundation.Python.3.13_qbz5n2kfra8p0\LocalCache\local-packages\Python313\site-packages\sqlalchemy\sql\elements.py", line 526, in _execute_on_connection
    return connection._execute_clauseelement(
           ~~~~~~~~~~~~~~~~~~~~~~~~~~~~~~~~~^
        self, distilled_params, execution_options
        ^^^^^^^^^^^^^^^^^^^^^^^^^^^^^^^^^^^^^^^^^
    )
    ^
  File "C:\Users\USER\AppData\Local\Packages\PythonSoftwareFoundation.Python.3.13_qbz5n2kfra8p0\LocalCache\local-packages\Python313\site-packages\sqlalchemy\engine\base.py", line 1641, in _execute_clauseelement
    ret = self._execute_context(
        dialect,
    ...<8 lines>...
        cache_hit=cache_hit,
    )
  File "C:\Users\USER\AppData\Local\Packages\PythonSoftwareFoundation.Python.3.13_qbz5n2kfra8p0\LocalCache\local-packages\Python313\site-packages\sqlalchemy\engine\base.py", line 1846, in _execute_context
    return self._exec_single_context(
           ~~~~~~~~~~~~~~~~~~~~~~~~~^
        dialect, context, statement, parameters
        ^^^^^^^^^^^^^^^^^^^^^^^^^^^^^^^^^^^^^^^
    )
    ^
  File "C:\Users\USER\AppData\Local\Packages\PythonSoftwareFoundation.Python.3.13_qbz5n2kfra8p0\LocalCache\local-packages\Python313\site-packages\sqlalchemy\engine\base.py", line 1986, in _exec_single_context
    self._handle_dbapi_exception(
    ~~~~~~~~~~~~~~~~~~~~~~~~~~~~^
        e, str_statement, effective_parameters, cursor, context
        ^^^^^^^^^^^^^^^^^^^^^^^^^^^^^^^^^^^^^^^^^^^^^^^^^^^^^^^
    )
    ^
  File "C:\Users\USER\AppData\Local\Packages\PythonSoftwareFoundation.Python.3.13_qbz5n2kfra8p0\LocalCache\local-packages\Python313\site-packages\sqlalchemy\engine\base.py", line 2355, in _handle_dbapi_exception
    raise sqlalchemy_exception.with_traceback(exc_info[2]) from e
  File "C:\Users\USER\AppData\Local\Packages\PythonSoftwareFoundation.Python.3.13_qbz5n2kfra8p0\LocalCache\local-packages\Python313\site-packages\sqlalchemy\engine\base.py", line 1967, in _exec_single_context
    self.dialect.do_execute(
    ~~~~~~~~~~~~~~~~~~~~~~~^
        cursor, str_statement, effective_parameters, context
        ^^^^^^^^^^^^^^^^^^^^^^^^^^^^^^^^^^^^^^^^^^^^^^^^^^^^
    )
    ^
  File "C:\Users\USER\AppData\Local\Packages\PythonSoftwareFoundation.Python.3.13_qbz5n2kfra8p0\LocalCache\local-packages\Python313\site-packages\sqlalchemy\engine\default.py", line 951, in do_execute
    cursor.execute(statement, parameters)
    ~~~~~~~~~~~~~~^^^^^^^^^^^^^^^^^^^^^^^
sqlalchemy.exc.OperationalError: (sqlite3.OperationalError) no such column: requisiciones.fecha_requerida
[SQL: SELECT requisiciones.id AS requisiciones_id, requisiciones.proyecto_id AS requisiciones_proyecto_id, requisiciones.solicitante_id AS requisiciones_solicitante_id, requisiciones.numero_requisicion AS requisiciones_numero_requisicion, requisiciones.fecha AS requisiciones_fecha, requisiciones.fecha_requerida AS requisiciones_fecha_requerida, requisiciones.estado AS requisiciones_estado, requisiciones.observaciones AS requisiciones_observaciones, requisiciones.fecha_registro AS requisiciones_fecha_registro 
FROM requisiciones 
WHERE requisiciones.fecha >= ? AND requisiciones.fecha <= ? ORDER BY requisiciones.fecha DESC]
[parameters: ('2025-01-01', '2025-12-31')]
(Background on this error at: https://sqlalche.me/e/20/e3q8)

2025-11-28 16:56:57,971 - KardexApp - INFO - Logger inicializado correctamente.
2025-11-28 17:05:56,742 - KardexApp - INFO - Logger inicializado correctamente.
2025-11-28 17:06:13,835 - KardexApp.ExceptionHandler - CRITICAL - Excepci贸n no controlada: type object 'Cliente' has no attribute 'razon_social_o_nombre'
Traceback (most recent call last):
  File "C:\Users\USER\Github\kardex\kardex-valorizado\main.py", line 715, in abrir_ventas
    ventas_widget = VentasWindow(self.user_info)
  File "C:\Users\USER\Github\kardex\kardex-valorizado\src\views\ventas_window.py", line 799, in __init__
    self.init_ui()
    ~~~~~~~~~~~~^^
  File "C:\Users\USER\Github\kardex\kardex-valorizado\src\views\ventas_window.py", line 833, in init_ui
    clientes = self.session.query(Cliente).filter_by(activo=True).order_by(Cliente.razon_social_o_nombre).all()
                                                                           ^^^^^^^^^^^^^^^^^^^^^^^^^^^^^
AttributeError: type object 'Cliente' has no attribute 'razon_social_o_nombre'

2025-11-28 17:06:53,551 - KardexApp - INFO - Logger inicializado correctamente.
2025-11-28 17:07:41,519 - KardexApp - INFO - Logger inicializado correctamente.
2025-11-28 17:08:00,524 - KardexApp.ExceptionHandler - CRITICAL - Excepci贸n no controlada: ORDER BY expression expected, got <property object at 0x000002225A297560>.
Traceback (most recent call last):
  File "C:\Users\USER\Github\kardex\kardex-valorizado\main.py", line 715, in abrir_ventas
    ventas_widget = VentasWindow(self.user_info)
  File "C:\Users\USER\Github\kardex\kardex-valorizado\src\views\ventas_window.py", line 799, in __init__
    self.init_ui()
    ~~~~~~~~~~~~^^
  File "C:\Users\USER\Github\kardex\kardex-valorizado\src\views\ventas_window.py", line 833, in init_ui
    clientes = self.session.query(Cliente).filter_by(activo=True).order_by(Cliente.razon_social_o_nombre).all()
               ~~~~~~~~~~~~~~~~~~~~~~~~~~~~~~~~~~~~~~~~~~~~~~~~~~~~~~~~~~~^^^^^^^^^^^^^^^^^^^^^^^^^^^^^^^
  File "<string>", line 2, in order_by
  File "C:\Users\USER\AppData\Local\Packages\PythonSoftwareFoundation.Python.3.13_qbz5n2kfra8p0\LocalCache\local-packages\Python313\site-packages\sqlalchemy\sql\base.py", line 284, in _generative
    x = fn(self, *args, **kw)
  File "C:\Users\USER\AppData\Local\Packages\PythonSoftwareFoundation.Python.3.13_qbz5n2kfra8p0\LocalCache\local-packages\Python313\site-packages\sqlalchemy\orm\query.py", line 2040, in order_by
    criterion = tuple(
        coercions.expect(roles.OrderByRole, clause)
        for clause in (__first,) + clauses
    )
  File "C:\Users\USER\AppData\Local\Packages\PythonSoftwareFoundation.Python.3.13_qbz5n2kfra8p0\LocalCache\local-packages\Python313\site-packages\sqlalchemy\orm\query.py", line 2041, in <genexpr>
    coercions.expect(roles.OrderByRole, clause)
    ~~~~~~~~~~~~~~~~^^^^^^^^^^^^^^^^^^^^^^^^^^^
  File "C:\Users\USER\AppData\Local\Packages\PythonSoftwareFoundation.Python.3.13_qbz5n2kfra8p0\LocalCache\local-packages\Python313\site-packages\sqlalchemy\sql\coercions.py", line 395, in expect
    resolved = impl._literal_coercion(
        element, argname=argname, **kw
    )
  File "C:\Users\USER\AppData\Local\Packages\PythonSoftwareFoundation.Python.3.13_qbz5n2kfra8p0\LocalCache\local-packages\Python313\site-packages\sqlalchemy\sql\coercions.py", line 634, in _literal_coercion
    self._raise_for_expected(element, argname)
    ~~~~~~~~~~~~~~~~~~~~~~~~^^^^^^^^^^^^^^^^^^
  File "C:\Users\USER\AppData\Local\Packages\PythonSoftwareFoundation.Python.3.13_qbz5n2kfra8p0\LocalCache\local-packages\Python313\site-packages\sqlalchemy\sql\coercions.py", line 518, in _raise_for_expected
    raise exc.ArgumentError(msg, code=code) from err
sqlalchemy.exc.ArgumentError: ORDER BY expression expected, got <property object at 0x000002225A297560>.

2025-11-28 17:08:29,507 - KardexApp - INFO - Logger inicializado correctamente.
2025-11-28 17:10:14,766 - KardexApp - INFO - Logger inicializado correctamente.
2025-11-28 17:10:54,749 - KardexApp.ExceptionHandler - CRITICAL - Excepci贸n no controlada: ORDER BY expression expected, got <property object at 0x00000168F067F010>.
Traceback (most recent call last):
  File "C:\Users\USER\Github\kardex\kardex-valorizado\main.py", line 715, in abrir_ventas
    ventas_widget = VentasWindow(self.user_info)
  File "C:\Users\USER\Github\kardex\kardex-valorizado\src\views\ventas_window.py", line 799, in __init__
    self.init_ui()
    ~~~~~~~~~~~~^^
  File "C:\Users\USER\Github\kardex\kardex-valorizado\src\views\ventas_window.py", line 833, in init_ui
    clientes = self.session.query(Cliente).filter_by(activo=True).order_by(Cliente.razon_social_o_nombre).all()
               ~~~~~~~~~~~~~~~~~~~~~~~~~~~~~~~~~~~~~~~~~~~~~~~~~~~~~~~~~~~^^^^^^^^^^^^^^^^^^^^^^^^^^^^^^^
  File "<string>", line 2, in order_by
  File "C:\Users\USER\AppData\Local\Packages\PythonSoftwareFoundation.Python.3.13_qbz5n2kfra8p0\LocalCache\local-packages\Python313\site-packages\sqlalchemy\sql\base.py", line 284, in _generative
    x = fn(self, *args, **kw)
  File "C:\Users\USER\AppData\Local\Packages\PythonSoftwareFoundation.Python.3.13_qbz5n2kfra8p0\LocalCache\local-packages\Python313\site-packages\sqlalchemy\orm\query.py", line 2040, in order_by
    criterion = tuple(
        coercions.expect(roles.OrderByRole, clause)
        for clause in (__first,) + clauses
    )
  File "C:\Users\USER\AppData\Local\Packages\PythonSoftwareFoundation.Python.3.13_qbz5n2kfra8p0\LocalCache\local-packages\Python313\site-packages\sqlalchemy\orm\query.py", line 2041, in <genexpr>
    coercions.expect(roles.OrderByRole, clause)
    ~~~~~~~~~~~~~~~~^^^^^^^^^^^^^^^^^^^^^^^^^^^
  File "C:\Users\USER\AppData\Local\Packages\PythonSoftwareFoundation.Python.3.13_qbz5n2kfra8p0\LocalCache\local-packages\Python313\site-packages\sqlalchemy\sql\coercions.py", line 395, in expect
    resolved = impl._literal_coercion(
        element, argname=argname, **kw
    )
  File "C:\Users\USER\AppData\Local\Packages\PythonSoftwareFoundation.Python.3.13_qbz5n2kfra8p0\LocalCache\local-packages\Python313\site-packages\sqlalchemy\sql\coercions.py", line 634, in _literal_coercion
    self._raise_for_expected(element, argname)
    ~~~~~~~~~~~~~~~~~~~~~~~~^^^^^^^^^^^^^^^^^^
  File "C:\Users\USER\AppData\Local\Packages\PythonSoftwareFoundation.Python.3.13_qbz5n2kfra8p0\LocalCache\local-packages\Python313\site-packages\sqlalchemy\sql\coercions.py", line 518, in _raise_for_expected
    raise exc.ArgumentError(msg, code=code) from err
sqlalchemy.exc.ArgumentError: ORDER BY expression expected, got <property object at 0x00000168F067F010>.

2025-11-28 17:11:10,932 - KardexApp.ExceptionHandler - CRITICAL - Excepci贸n no controlada: (sqlite3.OperationalError) no such column: requisiciones.fecha_requerida
[SQL: SELECT requisiciones.id AS requisiciones_id, requisiciones.proyecto_id AS requisiciones_proyecto_id, requisiciones.solicitante_id AS requisiciones_solicitante_id, requisiciones.numero_requisicion AS requisiciones_numero_requisicion, requisiciones.fecha AS requisiciones_fecha, requisiciones.fecha_requerida AS requisiciones_fecha_requerida, requisiciones.estado AS requisiciones_estado, requisiciones.observaciones AS requisiciones_observaciones, requisiciones.fecha_registro AS requisiciones_fecha_registro 
FROM requisiciones 
WHERE requisiciones.fecha >= ? AND requisiciones.fecha <= ? ORDER BY requisiciones.fecha DESC]
[parameters: ('2025-01-01', '2025-12-31')]
(Background on this error at: https://sqlalche.me/e/20/e3q8)
Traceback (most recent call last):
  File "C:\Users\USER\AppData\Local\Packages\PythonSoftwareFoundation.Python.3.13_qbz5n2kfra8p0\LocalCache\local-packages\Python313\site-packages\sqlalchemy\engine\base.py", line 1967, in _exec_single_context
    self.dialect.do_execute(
    ~~~~~~~~~~~~~~~~~~~~~~~^
        cursor, str_statement, effective_parameters, context
        ^^^^^^^^^^^^^^^^^^^^^^^^^^^^^^^^^^^^^^^^^^^^^^^^^^^^
    )
    ^
  File "C:\Users\USER\AppData\Local\Packages\PythonSoftwareFoundation.Python.3.13_qbz5n2kfra8p0\LocalCache\local-packages\Python313\site-packages\sqlalchemy\engine\default.py", line 951, in do_execute
    cursor.execute(statement, parameters)
    ~~~~~~~~~~~~~~^^^^^^^^^^^^^^^^^^^^^^^
sqlite3.OperationalError: no such column: requisiciones.fecha_requerida

The above exception was the direct cause of the following exception:

Traceback (most recent call last):
  File "C:\Users\USER\Github\kardex\kardex-valorizado\main.py", line 792, in abrir_requisiciones
    requisiciones_widget = RequisicionesWindow(user_info=self.user_info)
  File "C:\Users\USER\Github\kardex\kardex-valorizado\src\views\requisiciones_window.py", line 695, in __init__
    self.cargar_requisiciones()
    ~~~~~~~~~~~~~~~~~~~~~~~~~^^
  File "C:\Users\USER\Github\kardex\kardex-valorizado\src\views\requisiciones_window.py", line 796, in cargar_requisiciones
    ).order_by(Requisicion.fecha.desc()).all()
                                         ~~~^^
  File "C:\Users\USER\AppData\Local\Packages\PythonSoftwareFoundation.Python.3.13_qbz5n2kfra8p0\LocalCache\local-packages\Python313\site-packages\sqlalchemy\orm\query.py", line 2704, in all
    return self._iter().all()  # type: ignore
           ~~~~~~~~~~^^
  File "C:\Users\USER\AppData\Local\Packages\PythonSoftwareFoundation.Python.3.13_qbz5n2kfra8p0\LocalCache\local-packages\Python313\site-packages\sqlalchemy\orm\query.py", line 2857, in _iter
    result: Union[ScalarResult[_T], Result[_T]] = self.session.execute(
                                                  ~~~~~~~~~~~~~~~~~~~~^
        statement,
        ^^^^^^^^^^
        params,
        ^^^^^^^
        execution_options={"_sa_orm_load_options": self.load_options},
        ^^^^^^^^^^^^^^^^^^^^^^^^^^^^^^^^^^^^^^^^^^^^^^^^^^^^^^^^^^^^^^
    )
    ^
  File "C:\Users\USER\AppData\Local\Packages\PythonSoftwareFoundation.Python.3.13_qbz5n2kfra8p0\LocalCache\local-packages\Python313\site-packages\sqlalchemy\orm\session.py", line 2351, in execute
    return self._execute_internal(
           ~~~~~~~~~~~~~~~~~~~~~~^
        statement,
        ^^^^^^^^^^
    ...<4 lines>...
        _add_event=_add_event,
        ^^^^^^^^^^^^^^^^^^^^^^
    )
    ^
  File "C:\Users\USER\AppData\Local\Packages\PythonSoftwareFoundation.Python.3.13_qbz5n2kfra8p0\LocalCache\local-packages\Python313\site-packages\sqlalchemy\orm\session.py", line 2249, in _execute_internal
    result: Result[Any] = compile_state_cls.orm_execute_statement(
                          ~~~~~~~~~~~~~~~~~~~~~~~~~~~~~~~~~~~~~~~^
        self,
        ^^^^^
    ...<4 lines>...
        conn,
        ^^^^^
    )
    ^
  File "C:\Users\USER\AppData\Local\Packages\PythonSoftwareFoundation.Python.3.13_qbz5n2kfra8p0\LocalCache\local-packages\Python313\site-packages\sqlalchemy\orm\context.py", line 306, in orm_execute_statement
    result = conn.execute(
        statement, params or {}, execution_options=execution_options
    )
  File "C:\Users\USER\AppData\Local\Packages\PythonSoftwareFoundation.Python.3.13_qbz5n2kfra8p0\LocalCache\local-packages\Python313\site-packages\sqlalchemy\engine\base.py", line 1419, in execute
    return meth(
        self,
        distilled_parameters,
        execution_options or NO_OPTIONS,
    )
  File "C:\Users\USER\AppData\Local\Packages\PythonSoftwareFoundation.Python.3.13_qbz5n2kfra8p0\LocalCache\local-packages\Python313\site-packages\sqlalchemy\sql\elements.py", line 526, in _execute_on_connection
    return connection._execute_clauseelement(
           ~~~~~~~~~~~~~~~~~~~~~~~~~~~~~~~~~^
        self, distilled_params, execution_options
        ^^^^^^^^^^^^^^^^^^^^^^^^^^^^^^^^^^^^^^^^^
    )
    ^
  File "C:\Users\USER\AppData\Local\Packages\PythonSoftwareFoundation.Python.3.13_qbz5n2kfra8p0\LocalCache\local-packages\Python313\site-packages\sqlalchemy\engine\base.py", line 1641, in _execute_clauseelement
    ret = self._execute_context(
        dialect,
    ...<8 lines>...
        cache_hit=cache_hit,
    )
  File "C:\Users\USER\AppData\Local\Packages\PythonSoftwareFoundation.Python.3.13_qbz5n2kfra8p0\LocalCache\local-packages\Python313\site-packages\sqlalchemy\engine\base.py", line 1846, in _execute_context
    return self._exec_single_context(
           ~~~~~~~~~~~~~~~~~~~~~~~~~^
        dialect, context, statement, parameters
        ^^^^^^^^^^^^^^^^^^^^^^^^^^^^^^^^^^^^^^^
    )
    ^
  File "C:\Users\USER\AppData\Local\Packages\PythonSoftwareFoundation.Python.3.13_qbz5n2kfra8p0\LocalCache\local-packages\Python313\site-packages\sqlalchemy\engine\base.py", line 1986, in _exec_single_context
    self._handle_dbapi_exception(
    ~~~~~~~~~~~~~~~~~~~~~~~~~~~~^
        e, str_statement, effective_parameters, cursor, context
        ^^^^^^^^^^^^^^^^^^^^^^^^^^^^^^^^^^^^^^^^^^^^^^^^^^^^^^^
    )
    ^
  File "C:\Users\USER\AppData\Local\Packages\PythonSoftwareFoundation.Python.3.13_qbz5n2kfra8p0\LocalCache\local-packages\Python313\site-packages\sqlalchemy\engine\base.py", line 2355, in _handle_dbapi_exception
    raise sqlalchemy_exception.with_traceback(exc_info[2]) from e
  File "C:\Users\USER\AppData\Local\Packages\PythonSoftwareFoundation.Python.3.13_qbz5n2kfra8p0\LocalCache\local-packages\Python313\site-packages\sqlalchemy\engine\base.py", line 1967, in _exec_single_context
    self.dialect.do_execute(
    ~~~~~~~~~~~~~~~~~~~~~~~^
        cursor, str_statement, effective_parameters, context
        ^^^^^^^^^^^^^^^^^^^^^^^^^^^^^^^^^^^^^^^^^^^^^^^^^^^^
    )
    ^
  File "C:\Users\USER\AppData\Local\Packages\PythonSoftwareFoundation.Python.3.13_qbz5n2kfra8p0\LocalCache\local-packages\Python313\site-packages\sqlalchemy\engine\default.py", line 951, in do_execute
    cursor.execute(statement, parameters)
    ~~~~~~~~~~~~~~^^^^^^^^^^^^^^^^^^^^^^^
sqlalchemy.exc.OperationalError: (sqlite3.OperationalError) no such column: requisiciones.fecha_requerida
[SQL: SELECT requisiciones.id AS requisiciones_id, requisiciones.proyecto_id AS requisiciones_proyecto_id, requisiciones.solicitante_id AS requisiciones_solicitante_id, requisiciones.numero_requisicion AS requisiciones_numero_requisicion, requisiciones.fecha AS requisiciones_fecha, requisiciones.fecha_requerida AS requisiciones_fecha_requerida, requisiciones.estado AS requisiciones_estado, requisiciones.observaciones AS requisiciones_observaciones, requisiciones.fecha_registro AS requisiciones_fecha_registro 
FROM requisiciones 
WHERE requisiciones.fecha >= ? AND requisiciones.fecha <= ? ORDER BY requisiciones.fecha DESC]
[parameters: ('2025-01-01', '2025-12-31')]
(Background on this error at: https://sqlalche.me/e/20/e3q8)

2025-11-28 17:12:54,066 - KardexApp - INFO - Logger inicializado correctamente.
2025-11-28 17:14:11,867 - KardexApp.ExceptionHandler - CRITICAL - Excepci贸n no controlada: (sqlite3.OperationalError) no such column: clientes.tipo_documento
[SQL: SELECT clientes.id AS clientes_id, clientes.tipo_documento AS clientes_tipo_documento, clientes.numero_documento AS clientes_numero_documento, clientes.razon_social AS clientes_razon_social, clientes.direccion AS clientes_direccion, clientes.telefono AS clientes_telefono, clientes.email AS clientes_email, clientes.activo AS clientes_activo, clientes.fecha_registro AS clientes_fecha_registro 
FROM clientes 
WHERE clientes.activo = 1 ORDER BY clientes.razon_social]
(Background on this error at: https://sqlalche.me/e/20/e3q8)
Traceback (most recent call last):
  File "C:\Users\USER\AppData\Local\Packages\PythonSoftwareFoundation.Python.3.13_qbz5n2kfra8p0\LocalCache\local-packages\Python313\site-packages\sqlalchemy\engine\base.py", line 1967, in _exec_single_context
    self.dialect.do_execute(
    ~~~~~~~~~~~~~~~~~~~~~~~^
        cursor, str_statement, effective_parameters, context
        ^^^^^^^^^^^^^^^^^^^^^^^^^^^^^^^^^^^^^^^^^^^^^^^^^^^^
    )
    ^
  File "C:\Users\USER\AppData\Local\Packages\PythonSoftwareFoundation.Python.3.13_qbz5n2kfra8p0\LocalCache\local-packages\Python313\site-packages\sqlalchemy\engine\default.py", line 951, in do_execute
    cursor.execute(statement, parameters)
    ~~~~~~~~~~~~~~^^^^^^^^^^^^^^^^^^^^^^^
sqlite3.OperationalError: no such column: clientes.tipo_documento

The above exception was the direct cause of the following exception:

Traceback (most recent call last):
  File "C:\Users\USER\Github\kardex\kardex-valorizado\main.py", line 715, in abrir_ventas
    ventas_widget = VentasWindow(self.user_info)
  File "C:\Users\USER\Github\kardex\kardex-valorizado\src\views\ventas_window.py", line 799, in __init__
    self.init_ui()
    ~~~~~~~~~~~~^^
  File "C:\Users\USER\Github\kardex\kardex-valorizado\src\views\ventas_window.py", line 833, in init_ui
    clientes = self.session.query(Cliente).filter_by(activo=True).order_by(Cliente.razon_social).all()
  File "C:\Users\USER\AppData\Local\Packages\PythonSoftwareFoundation.Python.3.13_qbz5n2kfra8p0\LocalCache\local-packages\Python313\site-packages\sqlalchemy\orm\query.py", line 2704, in all
    return self._iter().all()  # type: ignore
           ~~~~~~~~~~^^
  File "C:\Users\USER\AppData\Local\Packages\PythonSoftwareFoundation.Python.3.13_qbz5n2kfra8p0\LocalCache\local-packages\Python313\site-packages\sqlalchemy\orm\query.py", line 2857, in _iter
    result: Union[ScalarResult[_T], Result[_T]] = self.session.execute(
                                                  ~~~~~~~~~~~~~~~~~~~~^
        statement,
        ^^^^^^^^^^
        params,
        ^^^^^^^
        execution_options={"_sa_orm_load_options": self.load_options},
        ^^^^^^^^^^^^^^^^^^^^^^^^^^^^^^^^^^^^^^^^^^^^^^^^^^^^^^^^^^^^^^
    )
    ^
  File "C:\Users\USER\AppData\Local\Packages\PythonSoftwareFoundation.Python.3.13_qbz5n2kfra8p0\LocalCache\local-packages\Python313\site-packages\sqlalchemy\orm\session.py", line 2351, in execute
    return self._execute_internal(
           ~~~~~~~~~~~~~~~~~~~~~~^
        statement,
        ^^^^^^^^^^
    ...<4 lines>...
        _add_event=_add_event,
        ^^^^^^^^^^^^^^^^^^^^^^
    )
    ^
  File "C:\Users\USER\AppData\Local\Packages\PythonSoftwareFoundation.Python.3.13_qbz5n2kfra8p0\LocalCache\local-packages\Python313\site-packages\sqlalchemy\orm\session.py", line 2249, in _execute_internal
    result: Result[Any] = compile_state_cls.orm_execute_statement(
                          ~~~~~~~~~~~~~~~~~~~~~~~~~~~~~~~~~~~~~~~^
        self,
        ^^^^^
    ...<4 lines>...
        conn,
        ^^^^^
    )
    ^
  File "C:\Users\USER\AppData\Local\Packages\PythonSoftwareFoundation.Python.3.13_qbz5n2kfra8p0\LocalCache\local-packages\Python313\site-packages\sqlalchemy\orm\context.py", line 306, in orm_execute_statement
    result = conn.execute(
        statement, params or {}, execution_options=execution_options
    )
  File "C:\Users\USER\AppData\Local\Packages\PythonSoftwareFoundation.Python.3.13_qbz5n2kfra8p0\LocalCache\local-packages\Python313\site-packages\sqlalchemy\engine\base.py", line 1419, in execute
    return meth(
        self,
        distilled_parameters,
        execution_options or NO_OPTIONS,
    )
  File "C:\Users\USER\AppData\Local\Packages\PythonSoftwareFoundation.Python.3.13_qbz5n2kfra8p0\LocalCache\local-packages\Python313\site-packages\sqlalchemy\sql\elements.py", line 526, in _execute_on_connection
    return connection._execute_clauseelement(
           ~~~~~~~~~~~~~~~~~~~~~~~~~~~~~~~~~^
        self, distilled_params, execution_options
        ^^^^^^^^^^^^^^^^^^^^^^^^^^^^^^^^^^^^^^^^^
    )
    ^
  File "C:\Users\USER\AppData\Local\Packages\PythonSoftwareFoundation.Python.3.13_qbz5n2kfra8p0\LocalCache\local-packages\Python313\site-packages\sqlalchemy\engine\base.py", line 1641, in _execute_clauseelement
    ret = self._execute_context(
        dialect,
    ...<8 lines>...
        cache_hit=cache_hit,
    )
  File "C:\Users\USER\AppData\Local\Packages\PythonSoftwareFoundation.Python.3.13_qbz5n2kfra8p0\LocalCache\local-packages\Python313\site-packages\sqlalchemy\engine\base.py", line 1846, in _execute_context
    return self._exec_single_context(
           ~~~~~~~~~~~~~~~~~~~~~~~~~^
        dialect, context, statement, parameters
        ^^^^^^^^^^^^^^^^^^^^^^^^^^^^^^^^^^^^^^^
    )
    ^
  File "C:\Users\USER\AppData\Local\Packages\PythonSoftwareFoundation.Python.3.13_qbz5n2kfra8p0\LocalCache\local-packages\Python313\site-packages\sqlalchemy\engine\base.py", line 1986, in _exec_single_context
    self._handle_dbapi_exception(
    ~~~~~~~~~~~~~~~~~~~~~~~~~~~~^
        e, str_statement, effective_parameters, cursor, context
        ^^^^^^^^^^^^^^^^^^^^^^^^^^^^^^^^^^^^^^^^^^^^^^^^^^^^^^^
    )
    ^
  File "C:\Users\USER\AppData\Local\Packages\PythonSoftwareFoundation.Python.3.13_qbz5n2kfra8p0\LocalCache\local-packages\Python313\site-packages\sqlalchemy\engine\base.py", line 2355, in _handle_dbapi_exception
    raise sqlalchemy_exception.with_traceback(exc_info[2]) from e
  File "C:\Users\USER\AppData\Local\Packages\PythonSoftwareFoundation.Python.3.13_qbz5n2kfra8p0\LocalCache\local-packages\Python313\site-packages\sqlalchemy\engine\base.py", line 1967, in _exec_single_context
    self.dialect.do_execute(
    ~~~~~~~~~~~~~~~~~~~~~~~^
        cursor, str_statement, effective_parameters, context
        ^^^^^^^^^^^^^^^^^^^^^^^^^^^^^^^^^^^^^^^^^^^^^^^^^^^^
    )
    ^
  File "C:\Users\USER\AppData\Local\Packages\PythonSoftwareFoundation.Python.3.13_qbz5n2kfra8p0\LocalCache\local-packages\Python313\site-packages\sqlalchemy\engine\default.py", line 951, in do_execute
    cursor.execute(statement, parameters)
    ~~~~~~~~~~~~~~^^^^^^^^^^^^^^^^^^^^^^^
sqlalchemy.exc.OperationalError: (sqlite3.OperationalError) no such column: clientes.tipo_documento
[SQL: SELECT clientes.id AS clientes_id, clientes.tipo_documento AS clientes_tipo_documento, clientes.numero_documento AS clientes_numero_documento, clientes.razon_social AS clientes_razon_social, clientes.direccion AS clientes_direccion, clientes.telefono AS clientes_telefono, clientes.email AS clientes_email, clientes.activo AS clientes_activo, clientes.fecha_registro AS clientes_fecha_registro 
FROM clientes 
WHERE clientes.activo = 1 ORDER BY clientes.razon_social]
(Background on this error at: https://sqlalche.me/e/20/e3q8)

2025-11-28 17:17:10,369 - KardexApp - INFO - Logger inicializado correctamente.
2025-11-28 17:17:22,484 - KardexApp.ExceptionHandler - CRITICAL - Excepci贸n no controlada: (sqlite3.OperationalError) no such column: clientes.numero_documento
[SQL: SELECT clientes.id AS clientes_id, clientes.tipo_documento AS clientes_tipo_documento, clientes.numero_documento AS clientes_numero_documento, clientes.razon_social AS clientes_razon_social, clientes.direccion AS clientes_direccion, clientes.telefono AS clientes_telefono, clientes.email AS clientes_email, clientes.activo AS clientes_activo, clientes.fecha_registro AS clientes_fecha_registro 
FROM clientes 
WHERE clientes.activo = 1 ORDER BY clientes.razon_social]
(Background on this error at: https://sqlalche.me/e/20/e3q8)
Traceback (most recent call last):
  File "C:\Users\USER\AppData\Local\Packages\PythonSoftwareFoundation.Python.3.13_qbz5n2kfra8p0\LocalCache\local-packages\Python313\site-packages\sqlalchemy\engine\base.py", line 1967, in _exec_single_context
    self.dialect.do_execute(
    ~~~~~~~~~~~~~~~~~~~~~~~^
        cursor, str_statement, effective_parameters, context
        ^^^^^^^^^^^^^^^^^^^^^^^^^^^^^^^^^^^^^^^^^^^^^^^^^^^^
    )
    ^
  File "C:\Users\USER\AppData\Local\Packages\PythonSoftwareFoundation.Python.3.13_qbz5n2kfra8p0\LocalCache\local-packages\Python313\site-packages\sqlalchemy\engine\default.py", line 951, in do_execute
    cursor.execute(statement, parameters)
    ~~~~~~~~~~~~~~^^^^^^^^^^^^^^^^^^^^^^^
sqlite3.OperationalError: no such column: clientes.numero_documento

The above exception was the direct cause of the following exception:

Traceback (most recent call last):
  File "C:\Users\USER\Github\kardex\kardex-valorizado\main.py", line 715, in abrir_ventas
    ventas_widget = VentasWindow(self.user_info)
  File "C:\Users\USER\Github\kardex\kardex-valorizado\src\views\ventas_window.py", line 799, in __init__
    self.init_ui()
    ~~~~~~~~~~~~^^
  File "C:\Users\USER\Github\kardex\kardex-valorizado\src\views\ventas_window.py", line 833, in init_ui
    clientes = self.session.query(Cliente).filter_by(activo=True).order_by(Cliente.razon_social).all()
  File "C:\Users\USER\AppData\Local\Packages\PythonSoftwareFoundation.Python.3.13_qbz5n2kfra8p0\LocalCache\local-packages\Python313\site-packages\sqlalchemy\orm\query.py", line 2704, in all
    return self._iter().all()  # type: ignore
           ~~~~~~~~~~^^
  File "C:\Users\USER\AppData\Local\Packages\PythonSoftwareFoundation.Python.3.13_qbz5n2kfra8p0\LocalCache\local-packages\Python313\site-packages\sqlalchemy\orm\query.py", line 2857, in _iter
    result: Union[ScalarResult[_T], Result[_T]] = self.session.execute(
                                                  ~~~~~~~~~~~~~~~~~~~~^
        statement,
        ^^^^^^^^^^
        params,
        ^^^^^^^
        execution_options={"_sa_orm_load_options": self.load_options},
        ^^^^^^^^^^^^^^^^^^^^^^^^^^^^^^^^^^^^^^^^^^^^^^^^^^^^^^^^^^^^^^
    )
    ^
  File "C:\Users\USER\AppData\Local\Packages\PythonSoftwareFoundation.Python.3.13_qbz5n2kfra8p0\LocalCache\local-packages\Python313\site-packages\sqlalchemy\orm\session.py", line 2351, in execute
    return self._execute_internal(
           ~~~~~~~~~~~~~~~~~~~~~~^
        statement,
        ^^^^^^^^^^
    ...<4 lines>...
        _add_event=_add_event,
        ^^^^^^^^^^^^^^^^^^^^^^
    )
    ^
  File "C:\Users\USER\AppData\Local\Packages\PythonSoftwareFoundation.Python.3.13_qbz5n2kfra8p0\LocalCache\local-packages\Python313\site-packages\sqlalchemy\orm\session.py", line 2249, in _execute_internal
    result: Result[Any] = compile_state_cls.orm_execute_statement(
                          ~~~~~~~~~~~~~~~~~~~~~~~~~~~~~~~~~~~~~~~^
        self,
        ^^^^^
    ...<4 lines>...
        conn,
        ^^^^^
    )
    ^
  File "C:\Users\USER\AppData\Local\Packages\PythonSoftwareFoundation.Python.3.13_qbz5n2kfra8p0\LocalCache\local-packages\Python313\site-packages\sqlalchemy\orm\context.py", line 306, in orm_execute_statement
    result = conn.execute(
        statement, params or {}, execution_options=execution_options
    )
  File "C:\Users\USER\AppData\Local\Packages\PythonSoftwareFoundation.Python.3.13_qbz5n2kfra8p0\LocalCache\local-packages\Python313\site-packages\sqlalchemy\engine\base.py", line 1419, in execute
    return meth(
        self,
        distilled_parameters,
        execution_options or NO_OPTIONS,
    )
  File "C:\Users\USER\AppData\Local\Packages\PythonSoftwareFoundation.Python.3.13_qbz5n2kfra8p0\LocalCache\local-packages\Python313\site-packages\sqlalchemy\sql\elements.py", line 526, in _execute_on_connection
    return connection._execute_clauseelement(
           ~~~~~~~~~~~~~~~~~~~~~~~~~~~~~~~~~^
        self, distilled_params, execution_options
        ^^^^^^^^^^^^^^^^^^^^^^^^^^^^^^^^^^^^^^^^^
    )
    ^
  File "C:\Users\USER\AppData\Local\Packages\PythonSoftwareFoundation.Python.3.13_qbz5n2kfra8p0\LocalCache\local-packages\Python313\site-packages\sqlalchemy\engine\base.py", line 1641, in _execute_clauseelement
    ret = self._execute_context(
        dialect,
    ...<8 lines>...
        cache_hit=cache_hit,
    )
  File "C:\Users\USER\AppData\Local\Packages\PythonSoftwareFoundation.Python.3.13_qbz5n2kfra8p0\LocalCache\local-packages\Python313\site-packages\sqlalchemy\engine\base.py", line 1846, in _execute_context
    return self._exec_single_context(
           ~~~~~~~~~~~~~~~~~~~~~~~~~^
        dialect, context, statement, parameters
        ^^^^^^^^^^^^^^^^^^^^^^^^^^^^^^^^^^^^^^^
    )
    ^
  File "C:\Users\USER\AppData\Local\Packages\PythonSoftwareFoundation.Python.3.13_qbz5n2kfra8p0\LocalCache\local-packages\Python313\site-packages\sqlalchemy\engine\base.py", line 1986, in _exec_single_context
    self._handle_dbapi_exception(
    ~~~~~~~~~~~~~~~~~~~~~~~~~~~~^
        e, str_statement, effective_parameters, cursor, context
        ^^^^^^^^^^^^^^^^^^^^^^^^^^^^^^^^^^^^^^^^^^^^^^^^^^^^^^^
    )
    ^
  File "C:\Users\USER\AppData\Local\Packages\PythonSoftwareFoundation.Python.3.13_qbz5n2kfra8p0\LocalCache\local-packages\Python313\site-packages\sqlalchemy\engine\base.py", line 2355, in _handle_dbapi_exception
    raise sqlalchemy_exception.with_traceback(exc_info[2]) from e
  File "C:\Users\USER\AppData\Local\Packages\PythonSoftwareFoundation.Python.3.13_qbz5n2kfra8p0\LocalCache\local-packages\Python313\site-packages\sqlalchemy\engine\base.py", line 1967, in _exec_single_context
    self.dialect.do_execute(
    ~~~~~~~~~~~~~~~~~~~~~~~^
        cursor, str_statement, effective_parameters, context
        ^^^^^^^^^^^^^^^^^^^^^^^^^^^^^^^^^^^^^^^^^^^^^^^^^^^^
    )
    ^
  File "C:\Users\USER\AppData\Local\Packages\PythonSoftwareFoundation.Python.3.13_qbz5n2kfra8p0\LocalCache\local-packages\Python313\site-packages\sqlalchemy\engine\default.py", line 951, in do_execute
    cursor.execute(statement, parameters)
    ~~~~~~~~~~~~~~^^^^^^^^^^^^^^^^^^^^^^^
sqlalchemy.exc.OperationalError: (sqlite3.OperationalError) no such column: clientes.numero_documento
[SQL: SELECT clientes.id AS clientes_id, clientes.tipo_documento AS clientes_tipo_documento, clientes.numero_documento AS clientes_numero_documento, clientes.razon_social AS clientes_razon_social, clientes.direccion AS clientes_direccion, clientes.telefono AS clientes_telefono, clientes.email AS clientes_email, clientes.activo AS clientes_activo, clientes.fecha_registro AS clientes_fecha_registro 
FROM clientes 
WHERE clientes.activo = 1 ORDER BY clientes.razon_social]
(Background on this error at: https://sqlalche.me/e/20/e3q8)

2025-11-28 17:17:50,411 - KardexApp - INFO - Logger inicializado correctamente.
2025-11-28 17:19:56,013 - KardexApp - INFO - Logger inicializado correctamente.
2025-11-28 17:20:07,643 - KardexApp.ExceptionHandler - CRITICAL - Excepci贸n no controlada: (sqlite3.OperationalError) no such column: clientes.numero_documento
[SQL: SELECT clientes.id AS clientes_id, clientes.tipo_documento AS clientes_tipo_documento, clientes.numero_documento AS clientes_numero_documento, clientes.razon_social AS clientes_razon_social, clientes.direccion AS clientes_direccion, clientes.telefono AS clientes_telefono, clientes.email AS clientes_email, clientes.activo AS clientes_activo, clientes.fecha_registro AS clientes_fecha_registro 
FROM clientes 
WHERE clientes.activo = 1 ORDER BY clientes.razon_social]
(Background on this error at: https://sqlalche.me/e/20/e3q8)
Traceback (most recent call last):
  File "C:\Users\USER\AppData\Local\Packages\PythonSoftwareFoundation.Python.3.13_qbz5n2kfra8p0\LocalCache\local-packages\Python313\site-packages\sqlalchemy\engine\base.py", line 1967, in _exec_single_context
    self.dialect.do_execute(
    ~~~~~~~~~~~~~~~~~~~~~~~^
        cursor, str_statement, effective_parameters, context
        ^^^^^^^^^^^^^^^^^^^^^^^^^^^^^^^^^^^^^^^^^^^^^^^^^^^^
    )
    ^
  File "C:\Users\USER\AppData\Local\Packages\PythonSoftwareFoundation.Python.3.13_qbz5n2kfra8p0\LocalCache\local-packages\Python313\site-packages\sqlalchemy\engine\default.py", line 951, in do_execute
    cursor.execute(statement, parameters)
    ~~~~~~~~~~~~~~^^^^^^^^^^^^^^^^^^^^^^^
sqlite3.OperationalError: no such column: clientes.numero_documento

The above exception was the direct cause of the following exception:

Traceback (most recent call last):
  File "C:\Users\USER\Github\kardex\kardex-valorizado\main.py", line 715, in abrir_ventas
    ventas_widget = VentasWindow(self.user_info)
  File "C:\Users\USER\Github\kardex\kardex-valorizado\src\views\ventas_window.py", line 799, in __init__
    self.init_ui()
    ~~~~~~~~~~~~^^
  File "C:\Users\USER\Github\kardex\kardex-valorizado\src\views\ventas_window.py", line 833, in init_ui
    clientes = self.session.query(Cliente).filter_by(activo=True).order_by(Cliente.razon_social).all()
  File "C:\Users\USER\AppData\Local\Packages\PythonSoftwareFoundation.Python.3.13_qbz5n2kfra8p0\LocalCache\local-packages\Python313\site-packages\sqlalchemy\orm\query.py", line 2704, in all
    return self._iter().all()  # type: ignore
           ~~~~~~~~~~^^
  File "C:\Users\USER\AppData\Local\Packages\PythonSoftwareFoundation.Python.3.13_qbz5n2kfra8p0\LocalCache\local-packages\Python313\site-packages\sqlalchemy\orm\query.py", line 2857, in _iter
    result: Union[ScalarResult[_T], Result[_T]] = self.session.execute(
                                                  ~~~~~~~~~~~~~~~~~~~~^
        statement,
        ^^^^^^^^^^
        params,
        ^^^^^^^
        execution_options={"_sa_orm_load_options": self.load_options},
        ^^^^^^^^^^^^^^^^^^^^^^^^^^^^^^^^^^^^^^^^^^^^^^^^^^^^^^^^^^^^^^
    )
    ^
  File "C:\Users\USER\AppData\Local\Packages\PythonSoftwareFoundation.Python.3.13_qbz5n2kfra8p0\LocalCache\local-packages\Python313\site-packages\sqlalchemy\orm\session.py", line 2351, in execute
    return self._execute_internal(
           ~~~~~~~~~~~~~~~~~~~~~~^
        statement,
        ^^^^^^^^^^
    ...<4 lines>...
        _add_event=_add_event,
        ^^^^^^^^^^^^^^^^^^^^^^
    )
    ^
  File "C:\Users\USER\AppData\Local\Packages\PythonSoftwareFoundation.Python.3.13_qbz5n2kfra8p0\LocalCache\local-packages\Python313\site-packages\sqlalchemy\orm\session.py", line 2249, in _execute_internal
    result: Result[Any] = compile_state_cls.orm_execute_statement(
                          ~~~~~~~~~~~~~~~~~~~~~~~~~~~~~~~~~~~~~~~^
        self,
        ^^^^^
    ...<4 lines>...
        conn,
        ^^^^^
    )
    ^
  File "C:\Users\USER\AppData\Local\Packages\PythonSoftwareFoundation.Python.3.13_qbz5n2kfra8p0\LocalCache\local-packages\Python313\site-packages\sqlalchemy\orm\context.py", line 306, in orm_execute_statement
    result = conn.execute(
        statement, params or {}, execution_options=execution_options
    )
  File "C:\Users\USER\AppData\Local\Packages\PythonSoftwareFoundation.Python.3.13_qbz5n2kfra8p0\LocalCache\local-packages\Python313\site-packages\sqlalchemy\engine\base.py", line 1419, in execute
    return meth(
        self,
        distilled_parameters,
        execution_options or NO_OPTIONS,
    )
  File "C:\Users\USER\AppData\Local\Packages\PythonSoftwareFoundation.Python.3.13_qbz5n2kfra8p0\LocalCache\local-packages\Python313\site-packages\sqlalchemy\sql\elements.py", line 526, in _execute_on_connection
    return connection._execute_clauseelement(
           ~~~~~~~~~~~~~~~~~~~~~~~~~~~~~~~~~^
        self, distilled_params, execution_options
        ^^^^^^^^^^^^^^^^^^^^^^^^^^^^^^^^^^^^^^^^^
    )
    ^
  File "C:\Users\USER\AppData\Local\Packages\PythonSoftwareFoundation.Python.3.13_qbz5n2kfra8p0\LocalCache\local-packages\Python313\site-packages\sqlalchemy\engine\base.py", line 1641, in _execute_clauseelement
    ret = self._execute_context(
        dialect,
    ...<8 lines>...
        cache_hit=cache_hit,
    )
  File "C:\Users\USER\AppData\Local\Packages\PythonSoftwareFoundation.Python.3.13_qbz5n2kfra8p0\LocalCache\local-packages\Python313\site-packages\sqlalchemy\engine\base.py", line 1846, in _execute_context
    return self._exec_single_context(
           ~~~~~~~~~~~~~~~~~~~~~~~~~^
        dialect, context, statement, parameters
        ^^^^^^^^^^^^^^^^^^^^^^^^^^^^^^^^^^^^^^^
    )
    ^
  File "C:\Users\USER\AppData\Local\Packages\PythonSoftwareFoundation.Python.3.13_qbz5n2kfra8p0\LocalCache\local-packages\Python313\site-packages\sqlalchemy\engine\base.py", line 1986, in _exec_single_context
    self._handle_dbapi_exception(
    ~~~~~~~~~~~~~~~~~~~~~~~~~~~~^
        e, str_statement, effective_parameters, cursor, context
        ^^^^^^^^^^^^^^^^^^^^^^^^^^^^^^^^^^^^^^^^^^^^^^^^^^^^^^^
    )
    ^
  File "C:\Users\USER\AppData\Local\Packages\PythonSoftwareFoundation.Python.3.13_qbz5n2kfra8p0\LocalCache\local-packages\Python313\site-packages\sqlalchemy\engine\base.py", line 2355, in _handle_dbapi_exception
    raise sqlalchemy_exception.with_traceback(exc_info[2]) from e
  File "C:\Users\USER\AppData\Local\Packages\PythonSoftwareFoundation.Python.3.13_qbz5n2kfra8p0\LocalCache\local-packages\Python313\site-packages\sqlalchemy\engine\base.py", line 1967, in _exec_single_context
    self.dialect.do_execute(
    ~~~~~~~~~~~~~~~~~~~~~~~^
        cursor, str_statement, effective_parameters, context
        ^^^^^^^^^^^^^^^^^^^^^^^^^^^^^^^^^^^^^^^^^^^^^^^^^^^^
    )
    ^
  File "C:\Users\USER\AppData\Local\Packages\PythonSoftwareFoundation.Python.3.13_qbz5n2kfra8p0\LocalCache\local-packages\Python313\site-packages\sqlalchemy\engine\default.py", line 951, in do_execute
    cursor.execute(statement, parameters)
    ~~~~~~~~~~~~~~^^^^^^^^^^^^^^^^^^^^^^^
sqlalchemy.exc.OperationalError: (sqlite3.OperationalError) no such column: clientes.numero_documento
[SQL: SELECT clientes.id AS clientes_id, clientes.tipo_documento AS clientes_tipo_documento, clientes.numero_documento AS clientes_numero_documento, clientes.razon_social AS clientes_razon_social, clientes.direccion AS clientes_direccion, clientes.telefono AS clientes_telefono, clientes.email AS clientes_email, clientes.activo AS clientes_activo, clientes.fecha_registro AS clientes_fecha_registro 
FROM clientes 
WHERE clientes.activo = 1 ORDER BY clientes.razon_social]
(Background on this error at: https://sqlalche.me/e/20/e3q8)

2025-11-28 17:20:19,200 - KardexApp.ExceptionHandler - CRITICAL - Excepci贸n no controlada: (sqlite3.OperationalError) no such column: requisiciones.fecha_requerida
[SQL: SELECT requisiciones.id AS requisiciones_id, requisiciones.proyecto_id AS requisiciones_proyecto_id, requisiciones.solicitante_id AS requisiciones_solicitante_id, requisiciones.numero_requisicion AS requisiciones_numero_requisicion, requisiciones.fecha AS requisiciones_fecha, requisiciones.fecha_requerida AS requisiciones_fecha_requerida, requisiciones.estado AS requisiciones_estado, requisiciones.observaciones AS requisiciones_observaciones, requisiciones.fecha_registro AS requisiciones_fecha_registro 
FROM requisiciones 
WHERE requisiciones.fecha >= ? AND requisiciones.fecha <= ? ORDER BY requisiciones.fecha DESC]
[parameters: ('2025-01-01', '2025-12-31')]
(Background on this error at: https://sqlalche.me/e/20/e3q8)
Traceback (most recent call last):
  File "C:\Users\USER\AppData\Local\Packages\PythonSoftwareFoundation.Python.3.13_qbz5n2kfra8p0\LocalCache\local-packages\Python313\site-packages\sqlalchemy\engine\base.py", line 1967, in _exec_single_context
    self.dialect.do_execute(
    ~~~~~~~~~~~~~~~~~~~~~~~^
        cursor, str_statement, effective_parameters, context
        ^^^^^^^^^^^^^^^^^^^^^^^^^^^^^^^^^^^^^^^^^^^^^^^^^^^^
    )
    ^
  File "C:\Users\USER\AppData\Local\Packages\PythonSoftwareFoundation.Python.3.13_qbz5n2kfra8p0\LocalCache\local-packages\Python313\site-packages\sqlalchemy\engine\default.py", line 951, in do_execute
    cursor.execute(statement, parameters)
    ~~~~~~~~~~~~~~^^^^^^^^^^^^^^^^^^^^^^^
sqlite3.OperationalError: no such column: requisiciones.fecha_requerida

The above exception was the direct cause of the following exception:

Traceback (most recent call last):
  File "C:\Users\USER\Github\kardex\kardex-valorizado\main.py", line 792, in abrir_requisiciones
    requisiciones_widget = RequisicionesWindow(user_info=self.user_info)
  File "C:\Users\USER\Github\kardex\kardex-valorizado\src\views\requisiciones_window.py", line 695, in __init__
    self.cargar_requisiciones()
    ~~~~~~~~~~~~~~~~~~~~~~~~~^^
  File "C:\Users\USER\Github\kardex\kardex-valorizado\src\views\requisiciones_window.py", line 796, in cargar_requisiciones
    ).order_by(Requisicion.fecha.desc()).all()
                                         ~~~^^
  File "C:\Users\USER\AppData\Local\Packages\PythonSoftwareFoundation.Python.3.13_qbz5n2kfra8p0\LocalCache\local-packages\Python313\site-packages\sqlalchemy\orm\query.py", line 2704, in all
    return self._iter().all()  # type: ignore
           ~~~~~~~~~~^^
  File "C:\Users\USER\AppData\Local\Packages\PythonSoftwareFoundation.Python.3.13_qbz5n2kfra8p0\LocalCache\local-packages\Python313\site-packages\sqlalchemy\orm\query.py", line 2857, in _iter
    result: Union[ScalarResult[_T], Result[_T]] = self.session.execute(
                                                  ~~~~~~~~~~~~~~~~~~~~^
        statement,
        ^^^^^^^^^^
        params,
        ^^^^^^^
        execution_options={"_sa_orm_load_options": self.load_options},
        ^^^^^^^^^^^^^^^^^^^^^^^^^^^^^^^^^^^^^^^^^^^^^^^^^^^^^^^^^^^^^^
    )
    ^
  File "C:\Users\USER\AppData\Local\Packages\PythonSoftwareFoundation.Python.3.13_qbz5n2kfra8p0\LocalCache\local-packages\Python313\site-packages\sqlalchemy\orm\session.py", line 2351, in execute
    return self._execute_internal(
           ~~~~~~~~~~~~~~~~~~~~~~^
        statement,
        ^^^^^^^^^^
    ...<4 lines>...
        _add_event=_add_event,
        ^^^^^^^^^^^^^^^^^^^^^^
    )
    ^
  File "C:\Users\USER\AppData\Local\Packages\PythonSoftwareFoundation.Python.3.13_qbz5n2kfra8p0\LocalCache\local-packages\Python313\site-packages\sqlalchemy\orm\session.py", line 2249, in _execute_internal
    result: Result[Any] = compile_state_cls.orm_execute_statement(
                          ~~~~~~~~~~~~~~~~~~~~~~~~~~~~~~~~~~~~~~~^
        self,
        ^^^^^
    ...<4 lines>...
        conn,
        ^^^^^
    )
    ^
  File "C:\Users\USER\AppData\Local\Packages\PythonSoftwareFoundation.Python.3.13_qbz5n2kfra8p0\LocalCache\local-packages\Python313\site-packages\sqlalchemy\orm\context.py", line 306, in orm_execute_statement
    result = conn.execute(
        statement, params or {}, execution_options=execution_options
    )
  File "C:\Users\USER\AppData\Local\Packages\PythonSoftwareFoundation.Python.3.13_qbz5n2kfra8p0\LocalCache\local-packages\Python313\site-packages\sqlalchemy\engine\base.py", line 1419, in execute
    return meth(
        self,
        distilled_parameters,
        execution_options or NO_OPTIONS,
    )
  File "C:\Users\USER\AppData\Local\Packages\PythonSoftwareFoundation.Python.3.13_qbz5n2kfra8p0\LocalCache\local-packages\Python313\site-packages\sqlalchemy\sql\elements.py", line 526, in _execute_on_connection
    return connection._execute_clauseelement(
           ~~~~~~~~~~~~~~~~~~~~~~~~~~~~~~~~~^
        self, distilled_params, execution_options
        ^^^^^^^^^^^^^^^^^^^^^^^^^^^^^^^^^^^^^^^^^
    )
    ^
  File "C:\Users\USER\AppData\Local\Packages\PythonSoftwareFoundation.Python.3.13_qbz5n2kfra8p0\LocalCache\local-packages\Python313\site-packages\sqlalchemy\engine\base.py", line 1641, in _execute_clauseelement
    ret = self._execute_context(
        dialect,
    ...<8 lines>...
        cache_hit=cache_hit,
    )
  File "C:\Users\USER\AppData\Local\Packages\PythonSoftwareFoundation.Python.3.13_qbz5n2kfra8p0\LocalCache\local-packages\Python313\site-packages\sqlalchemy\engine\base.py", line 1846, in _execute_context
    return self._exec_single_context(
           ~~~~~~~~~~~~~~~~~~~~~~~~~^
        dialect, context, statement, parameters
        ^^^^^^^^^^^^^^^^^^^^^^^^^^^^^^^^^^^^^^^
    )
    ^
  File "C:\Users\USER\AppData\Local\Packages\PythonSoftwareFoundation.Python.3.13_qbz5n2kfra8p0\LocalCache\local-packages\Python313\site-packages\sqlalchemy\engine\base.py", line 1986, in _exec_single_context
    self._handle_dbapi_exception(
    ~~~~~~~~~~~~~~~~~~~~~~~~~~~~^
        e, str_statement, effective_parameters, cursor, context
        ^^^^^^^^^^^^^^^^^^^^^^^^^^^^^^^^^^^^^^^^^^^^^^^^^^^^^^^
    )
    ^
  File "C:\Users\USER\AppData\Local\Packages\PythonSoftwareFoundation.Python.3.13_qbz5n2kfra8p0\LocalCache\local-packages\Python313\site-packages\sqlalchemy\engine\base.py", line 2355, in _handle_dbapi_exception
    raise sqlalchemy_exception.with_traceback(exc_info[2]) from e
  File "C:\Users\USER\AppData\Local\Packages\PythonSoftwareFoundation.Python.3.13_qbz5n2kfra8p0\LocalCache\local-packages\Python313\site-packages\sqlalchemy\engine\base.py", line 1967, in _exec_single_context
    self.dialect.do_execute(
    ~~~~~~~~~~~~~~~~~~~~~~~^
        cursor, str_statement, effective_parameters, context
        ^^^^^^^^^^^^^^^^^^^^^^^^^^^^^^^^^^^^^^^^^^^^^^^^^^^^
    )
    ^
  File "C:\Users\USER\AppData\Local\Packages\PythonSoftwareFoundation.Python.3.13_qbz5n2kfra8p0\LocalCache\local-packages\Python313\site-packages\sqlalchemy\engine\default.py", line 951, in do_execute
    cursor.execute(statement, parameters)
    ~~~~~~~~~~~~~~^^^^^^^^^^^^^^^^^^^^^^^
sqlalchemy.exc.OperationalError: (sqlite3.OperationalError) no such column: requisiciones.fecha_requerida
[SQL: SELECT requisiciones.id AS requisiciones_id, requisiciones.proyecto_id AS requisiciones_proyecto_id, requisiciones.solicitante_id AS requisiciones_solicitante_id, requisiciones.numero_requisicion AS requisiciones_numero_requisicion, requisiciones.fecha AS requisiciones_fecha, requisiciones.fecha_requerida AS requisiciones_fecha_requerida, requisiciones.estado AS requisiciones_estado, requisiciones.observaciones AS requisiciones_observaciones, requisiciones.fecha_registro AS requisiciones_fecha_registro 
FROM requisiciones 
WHERE requisiciones.fecha >= ? AND requisiciones.fecha <= ? ORDER BY requisiciones.fecha DESC]
[parameters: ('2025-01-01', '2025-12-31')]
(Background on this error at: https://sqlalche.me/e/20/e3q8)

2025-11-28 17:39:21,707 - KardexApp - INFO - Logger inicializado correctamente.
2025-11-28 17:39:31,641 - KardexApp.ExceptionHandler - CRITICAL - Excepci贸n no controlada: type object 'Venta' has no attribute 'fecha_registro_contable'
Traceback (most recent call last):
  File "C:\Users\USER\Github\kardex\kardex-valorizado\main.py", line 748, in abrir_ventas
    ventas_widget = VentasWindow(self.user_info)
  File "C:\Users\USER\Github\kardex\kardex-valorizado\src\views\ventas_window.py", line 800, in __init__
    self.cargar_ventas()
    ~~~~~~~~~~~~~~~~~~^^
  File "C:\Users\USER\Github\kardex\kardex-valorizado\src\views\ventas_window.py", line 867, in cargar_ventas
    extract('year', Venta.fecha_registro_contable) == anio,
                    ^^^^^^^^^^^^^^^^^^^^^^^^^^^^^
AttributeError: type object 'Venta' has no attribute 'fecha_registro_contable'

2025-11-28 17:48:37,152 - KardexApp - INFO - Logger inicializado correctamente.
2025-11-28 17:48:46,410 - KardexApp.ExceptionHandler - CRITICAL - Excepci贸n no controlada: type object 'Venta' has no attribute 'fecha_registro_contable'
Traceback (most recent call last):
  File "C:\Users\USER\Github\kardex\kardex-valorizado\main.py", line 748, in abrir_ventas
    ventas_widget = VentasWindow(self.user_info)
  File "C:\Users\USER\Github\kardex\kardex-valorizado\src\views\ventas_window.py", line 800, in __init__
    self.cargar_ventas()
    ~~~~~~~~~~~~~~~~~~^^
  File "C:\Users\USER\Github\kardex\kardex-valorizado\src\views\ventas_window.py", line 867, in cargar_ventas
    extract('year', Venta.fecha_registro_contable) == anio,
                    ^^^^^^^^^^^^^^^^^^^^^^^^^^^^^
AttributeError: type object 'Venta' has no attribute 'fecha_registro_contable'

2025-11-28 17:53:56,700 - KardexApp - INFO - Logger inicializado correctamente.
2025-11-28 17:54:07,762 - KardexApp.ExceptionHandler - CRITICAL - Excepci贸n no controlada: type object 'Venta' has no attribute 'fecha_registro_contable'
Traceback (most recent call last):
  File "C:\Users\USER\Github\kardex\kardex-valorizado\main.py", line 748, in abrir_ventas
    ventas_widget = VentasWindow(self.user_info)
  File "C:\Users\USER\Github\kardex\kardex-valorizado\src\views\ventas_window.py", line 800, in __init__
    self.cargar_ventas()
    ~~~~~~~~~~~~~~~~~~^^
  File "C:\Users\USER\Github\kardex\kardex-valorizado\src\views\ventas_window.py", line 867, in cargar_ventas
    extract('year', Venta.fecha_registro_contable) == anio,
                    ^^^^^^^^^^^^^^^^^^^^^^^^^^^^^
AttributeError: type object 'Venta' has no attribute 'fecha_registro_contable'

2025-11-28 17:57:25,384 - KardexApp - INFO - Logger inicializado correctamente.
2025-11-28 17:57:34,602 - KardexApp.ExceptionHandler - CRITICAL - Excepci贸n no controlada: type object 'Venta' has no attribute 'fecha_registro_contable'
Traceback (most recent call last):
  File "C:\Users\USER\Github\kardex\kardex-valorizado\main.py", line 748, in abrir_ventas
    ventas_widget = VentasWindow(self.user_info)
  File "C:\Users\USER\Github\kardex\kardex-valorizado\src\views\ventas_window.py", line 800, in __init__
    self.cargar_ventas()
    ~~~~~~~~~~~~~~~~~~^^
  File "C:\Users\USER\Github\kardex\kardex-valorizado\src\views\ventas_window.py", line 867, in cargar_ventas
    extract('year', Venta.fecha_registro_contable) == anio,
                    ^^^^^^^^^^^^^^^^^^^^^^^^^^^^^
AttributeError: type object 'Venta' has no attribute 'fecha_registro_contable'

2025-11-28 17:59:04,547 - KardexApp - INFO - Logger inicializado correctamente.
2025-11-28 17:59:27,801 - KardexApp.ExceptionHandler - CRITICAL - Excepci贸n no controlada: type object 'Venta' has no attribute 'fecha_registro_contable'
Traceback (most recent call last):
  File "C:\Users\USER\Github\kardex\kardex-valorizado\main.py", line 748, in abrir_ventas
    ventas_widget = VentasWindow(self.user_info)
  File "C:\Users\USER\Github\kardex\kardex-valorizado\src\views\ventas_window.py", line 800, in __init__
    self.cargar_ventas()
    ~~~~~~~~~~~~~~~~~~^^
  File "C:\Users\USER\Github\kardex\kardex-valorizado\src\views\ventas_window.py", line 867, in cargar_ventas
    extract('year', Venta.fecha_registro_contable) == anio,
                    ^^^^^^^^^^^^^^^^^^^^^^^^^^^^^
AttributeError: type object 'Venta' has no attribute 'fecha_registro_contable'

2025-11-28 18:01:16,165 - KardexApp - INFO - Logger inicializado correctamente.
2025-11-28 18:02:50,315 - KardexApp - INFO - Logger inicializado correctamente.
2025-11-28 18:03:02,159 - KardexApp.ExceptionHandler - CRITICAL - Excepci贸n no controlada: (sqlite3.OperationalError) no such column: ventas.numero_documento
[SQL: SELECT ventas.id AS ventas_id, ventas.cliente_id AS ventas_cliente_id, ventas.proyecto_id AS ventas_proyecto_id, ventas.numero_proceso AS ventas_numero_proceso, ventas.tipo_documento AS ventas_tipo_documento, ventas.numero_documento AS ventas_numero_documento, ventas.fecha AS ventas_fecha, ventas.moneda AS ventas_moneda, ventas.tipo_cambio AS ventas_tipo_cambio, ventas.incluye_igv AS ventas_incluye_igv, ventas.igv_porcentaje AS ventas_igv_porcentaje, ventas.subtotal AS ventas_subtotal, ventas.igv AS ventas_igv, ventas.total AS ventas_total, ventas.observaciones AS ventas_observaciones, ventas.fecha_registro_contable AS ventas_fecha_registro_contable, ventas.fecha_registro AS ventas_fecha_registro 
FROM ventas 
WHERE CAST(STRFTIME('%Y', ventas.fecha_registro_contable) AS INTEGER) = ? AND CAST(STRFTIME('%m', ventas.fecha_registro_contable) AS INTEGER) = ? ORDER BY ventas.fecha DESC]
[parameters: (2025, 11)]
(Background on this error at: https://sqlalche.me/e/20/e3q8)
Traceback (most recent call last):
  File "C:\Users\USER\AppData\Local\Packages\PythonSoftwareFoundation.Python.3.13_qbz5n2kfra8p0\LocalCache\local-packages\Python313\site-packages\sqlalchemy\engine\base.py", line 1967, in _exec_single_context
    self.dialect.do_execute(
    ~~~~~~~~~~~~~~~~~~~~~~~^
        cursor, str_statement, effective_parameters, context
        ^^^^^^^^^^^^^^^^^^^^^^^^^^^^^^^^^^^^^^^^^^^^^^^^^^^^
    )
    ^
  File "C:\Users\USER\AppData\Local\Packages\PythonSoftwareFoundation.Python.3.13_qbz5n2kfra8p0\LocalCache\local-packages\Python313\site-packages\sqlalchemy\engine\default.py", line 951, in do_execute
    cursor.execute(statement, parameters)
    ~~~~~~~~~~~~~~^^^^^^^^^^^^^^^^^^^^^^^
sqlite3.OperationalError: no such column: ventas.numero_documento

The above exception was the direct cause of the following exception:

Traceback (most recent call last):
  File "C:\Users\USER\Github\kardex\kardex-valorizado\main.py", line 748, in abrir_ventas
    ventas_widget = VentasWindow(self.user_info)
  File "C:\Users\USER\Github\kardex\kardex-valorizado\src\views\ventas_window.py", line 800, in __init__
    self.cargar_ventas()
    ~~~~~~~~~~~~~~~~~~^^
  File "C:\Users\USER\Github\kardex\kardex-valorizado\src\views\ventas_window.py", line 874, in cargar_ventas
    ventas = query.order_by(Venta.fecha.desc()).all()
  File "C:\Users\USER\AppData\Local\Packages\PythonSoftwareFoundation.Python.3.13_qbz5n2kfra8p0\LocalCache\local-packages\Python313\site-packages\sqlalchemy\orm\query.py", line 2704, in all
    return self._iter().all()  # type: ignore
           ~~~~~~~~~~^^
  File "C:\Users\USER\AppData\Local\Packages\PythonSoftwareFoundation.Python.3.13_qbz5n2kfra8p0\LocalCache\local-packages\Python313\site-packages\sqlalchemy\orm\query.py", line 2857, in _iter
    result: Union[ScalarResult[_T], Result[_T]] = self.session.execute(
                                                  ~~~~~~~~~~~~~~~~~~~~^
        statement,
        ^^^^^^^^^^
        params,
        ^^^^^^^
        execution_options={"_sa_orm_load_options": self.load_options},
        ^^^^^^^^^^^^^^^^^^^^^^^^^^^^^^^^^^^^^^^^^^^^^^^^^^^^^^^^^^^^^^
    )
    ^
  File "C:\Users\USER\AppData\Local\Packages\PythonSoftwareFoundation.Python.3.13_qbz5n2kfra8p0\LocalCache\local-packages\Python313\site-packages\sqlalchemy\orm\session.py", line 2351, in execute
    return self._execute_internal(
           ~~~~~~~~~~~~~~~~~~~~~~^
        statement,
        ^^^^^^^^^^
    ...<4 lines>...
        _add_event=_add_event,
        ^^^^^^^^^^^^^^^^^^^^^^
    )
    ^
  File "C:\Users\USER\AppData\Local\Packages\PythonSoftwareFoundation.Python.3.13_qbz5n2kfra8p0\LocalCache\local-packages\Python313\site-packages\sqlalchemy\orm\session.py", line 2249, in _execute_internal
    result: Result[Any] = compile_state_cls.orm_execute_statement(
                          ~~~~~~~~~~~~~~~~~~~~~~~~~~~~~~~~~~~~~~~^
        self,
        ^^^^^
    ...<4 lines>...
        conn,
        ^^^^^
    )
    ^
  File "C:\Users\USER\AppData\Local\Packages\PythonSoftwareFoundation.Python.3.13_qbz5n2kfra8p0\LocalCache\local-packages\Python313\site-packages\sqlalchemy\orm\context.py", line 306, in orm_execute_statement
    result = conn.execute(
        statement, params or {}, execution_options=execution_options
    )
  File "C:\Users\USER\AppData\Local\Packages\PythonSoftwareFoundation.Python.3.13_qbz5n2kfra8p0\LocalCache\local-packages\Python313\site-packages\sqlalchemy\engine\base.py", line 1419, in execute
    return meth(
        self,
        distilled_parameters,
        execution_options or NO_OPTIONS,
    )
  File "C:\Users\USER\AppData\Local\Packages\PythonSoftwareFoundation.Python.3.13_qbz5n2kfra8p0\LocalCache\local-packages\Python313\site-packages\sqlalchemy\sql\elements.py", line 526, in _execute_on_connection
    return connection._execute_clauseelement(
           ~~~~~~~~~~~~~~~~~~~~~~~~~~~~~~~~~^
        self, distilled_params, execution_options
        ^^^^^^^^^^^^^^^^^^^^^^^^^^^^^^^^^^^^^^^^^
    )
    ^
  File "C:\Users\USER\AppData\Local\Packages\PythonSoftwareFoundation.Python.3.13_qbz5n2kfra8p0\LocalCache\local-packages\Python313\site-packages\sqlalchemy\engine\base.py", line 1641, in _execute_clauseelement
    ret = self._execute_context(
        dialect,
    ...<8 lines>...
        cache_hit=cache_hit,
    )
  File "C:\Users\USER\AppData\Local\Packages\PythonSoftwareFoundation.Python.3.13_qbz5n2kfra8p0\LocalCache\local-packages\Python313\site-packages\sqlalchemy\engine\base.py", line 1846, in _execute_context
    return self._exec_single_context(
           ~~~~~~~~~~~~~~~~~~~~~~~~~^
        dialect, context, statement, parameters
        ^^^^^^^^^^^^^^^^^^^^^^^^^^^^^^^^^^^^^^^
    )
    ^
  File "C:\Users\USER\AppData\Local\Packages\PythonSoftwareFoundation.Python.3.13_qbz5n2kfra8p0\LocalCache\local-packages\Python313\site-packages\sqlalchemy\engine\base.py", line 1986, in _exec_single_context
    self._handle_dbapi_exception(
    ~~~~~~~~~~~~~~~~~~~~~~~~~~~~^
        e, str_statement, effective_parameters, cursor, context
        ^^^^^^^^^^^^^^^^^^^^^^^^^^^^^^^^^^^^^^^^^^^^^^^^^^^^^^^
    )
    ^
  File "C:\Users\USER\AppData\Local\Packages\PythonSoftwareFoundation.Python.3.13_qbz5n2kfra8p0\LocalCache\local-packages\Python313\site-packages\sqlalchemy\engine\base.py", line 2355, in _handle_dbapi_exception
    raise sqlalchemy_exception.with_traceback(exc_info[2]) from e
  File "C:\Users\USER\AppData\Local\Packages\PythonSoftwareFoundation.Python.3.13_qbz5n2kfra8p0\LocalCache\local-packages\Python313\site-packages\sqlalchemy\engine\base.py", line 1967, in _exec_single_context
    self.dialect.do_execute(
    ~~~~~~~~~~~~~~~~~~~~~~~^
        cursor, str_statement, effective_parameters, context
        ^^^^^^^^^^^^^^^^^^^^^^^^^^^^^^^^^^^^^^^^^^^^^^^^^^^^
    )
    ^
  File "C:\Users\USER\AppData\Local\Packages\PythonSoftwareFoundation.Python.3.13_qbz5n2kfra8p0\LocalCache\local-packages\Python313\site-packages\sqlalchemy\engine\default.py", line 951, in do_execute
    cursor.execute(statement, parameters)
    ~~~~~~~~~~~~~~^^^^^^^^^^^^^^^^^^^^^^^
sqlalchemy.exc.OperationalError: (sqlite3.OperationalError) no such column: ventas.numero_documento
[SQL: SELECT ventas.id AS ventas_id, ventas.cliente_id AS ventas_cliente_id, ventas.proyecto_id AS ventas_proyecto_id, ventas.numero_proceso AS ventas_numero_proceso, ventas.tipo_documento AS ventas_tipo_documento, ventas.numero_documento AS ventas_numero_documento, ventas.fecha AS ventas_fecha, ventas.moneda AS ventas_moneda, ventas.tipo_cambio AS ventas_tipo_cambio, ventas.incluye_igv AS ventas_incluye_igv, ventas.igv_porcentaje AS ventas_igv_porcentaje, ventas.subtotal AS ventas_subtotal, ventas.igv AS ventas_igv, ventas.total AS ventas_total, ventas.observaciones AS ventas_observaciones, ventas.fecha_registro_contable AS ventas_fecha_registro_contable, ventas.fecha_registro AS ventas_fecha_registro 
FROM ventas 
WHERE CAST(STRFTIME('%Y', ventas.fecha_registro_contable) AS INTEGER) = ? AND CAST(STRFTIME('%m', ventas.fecha_registro_contable) AS INTEGER) = ? ORDER BY ventas.fecha DESC]
[parameters: (2025, 11)]
(Background on this error at: https://sqlalche.me/e/20/e3q8)

2025-11-28 18:07:31,968 - KardexApp - INFO - Logger inicializado correctamente.
2025-11-28 18:07:56,407 - KardexApp.ExceptionHandler - CRITICAL - Excepci贸n no controlada: (sqlite3.OperationalError) no such column: requisiciones.fecha_requerida
[SQL: SELECT requisiciones.id AS requisiciones_id, requisiciones.proyecto_id AS requisiciones_proyecto_id, requisiciones.solicitante_id AS requisiciones_solicitante_id, requisiciones.numero_requisicion AS requisiciones_numero_requisicion, requisiciones.fecha AS requisiciones_fecha, requisiciones.fecha_requerida AS requisiciones_fecha_requerida, requisiciones.estado AS requisiciones_estado, requisiciones.observaciones AS requisiciones_observaciones, requisiciones.fecha_registro AS requisiciones_fecha_registro 
FROM requisiciones 
WHERE requisiciones.fecha >= ? AND requisiciones.fecha <= ? ORDER BY requisiciones.fecha DESC]
[parameters: ('2025-01-01', '2025-12-31')]
(Background on this error at: https://sqlalche.me/e/20/e3q8)
Traceback (most recent call last):
  File "C:\Users\USER\AppData\Local\Packages\PythonSoftwareFoundation.Python.3.13_qbz5n2kfra8p0\LocalCache\local-packages\Python313\site-packages\sqlalchemy\engine\base.py", line 1967, in _exec_single_context
    self.dialect.do_execute(
    ~~~~~~~~~~~~~~~~~~~~~~~^
        cursor, str_statement, effective_parameters, context
        ^^^^^^^^^^^^^^^^^^^^^^^^^^^^^^^^^^^^^^^^^^^^^^^^^^^^
    )
    ^
  File "C:\Users\USER\AppData\Local\Packages\PythonSoftwareFoundation.Python.3.13_qbz5n2kfra8p0\LocalCache\local-packages\Python313\site-packages\sqlalchemy\engine\default.py", line 951, in do_execute
    cursor.execute(statement, parameters)
    ~~~~~~~~~~~~~~^^^^^^^^^^^^^^^^^^^^^^^
sqlite3.OperationalError: no such column: requisiciones.fecha_requerida

The above exception was the direct cause of the following exception:

Traceback (most recent call last):
  File "C:\Users\USER\Github\kardex\kardex-valorizado\main.py", line 825, in abrir_requisiciones
    requisiciones_widget = RequisicionesWindow(user_info=self.user_info)
  File "C:\Users\USER\Github\kardex\kardex-valorizado\src\views\requisiciones_window.py", line 695, in __init__
    self.cargar_requisiciones()
    ~~~~~~~~~~~~~~~~~~~~~~~~~^^
  File "C:\Users\USER\Github\kardex\kardex-valorizado\src\views\requisiciones_window.py", line 796, in cargar_requisiciones
    ).order_by(Requisicion.fecha.desc()).all()
                                         ~~~^^
  File "C:\Users\USER\AppData\Local\Packages\PythonSoftwareFoundation.Python.3.13_qbz5n2kfra8p0\LocalCache\local-packages\Python313\site-packages\sqlalchemy\orm\query.py", line 2704, in all
    return self._iter().all()  # type: ignore
           ~~~~~~~~~~^^
  File "C:\Users\USER\AppData\Local\Packages\PythonSoftwareFoundation.Python.3.13_qbz5n2kfra8p0\LocalCache\local-packages\Python313\site-packages\sqlalchemy\orm\query.py", line 2857, in _iter
    result: Union[ScalarResult[_T], Result[_T]] = self.session.execute(
                                                  ~~~~~~~~~~~~~~~~~~~~^
        statement,
        ^^^^^^^^^^
        params,
        ^^^^^^^
        execution_options={"_sa_orm_load_options": self.load_options},
        ^^^^^^^^^^^^^^^^^^^^^^^^^^^^^^^^^^^^^^^^^^^^^^^^^^^^^^^^^^^^^^
    )
    ^
  File "C:\Users\USER\AppData\Local\Packages\PythonSoftwareFoundation.Python.3.13_qbz5n2kfra8p0\LocalCache\local-packages\Python313\site-packages\sqlalchemy\orm\session.py", line 2351, in execute
    return self._execute_internal(
           ~~~~~~~~~~~~~~~~~~~~~~^
        statement,
        ^^^^^^^^^^
    ...<4 lines>...
        _add_event=_add_event,
        ^^^^^^^^^^^^^^^^^^^^^^
    )
    ^
  File "C:\Users\USER\AppData\Local\Packages\PythonSoftwareFoundation.Python.3.13_qbz5n2kfra8p0\LocalCache\local-packages\Python313\site-packages\sqlalchemy\orm\session.py", line 2249, in _execute_internal
    result: Result[Any] = compile_state_cls.orm_execute_statement(
                          ~~~~~~~~~~~~~~~~~~~~~~~~~~~~~~~~~~~~~~~^
        self,
        ^^^^^
    ...<4 lines>...
        conn,
        ^^^^^
    )
    ^
  File "C:\Users\USER\AppData\Local\Packages\PythonSoftwareFoundation.Python.3.13_qbz5n2kfra8p0\LocalCache\local-packages\Python313\site-packages\sqlalchemy\orm\context.py", line 306, in orm_execute_statement
    result = conn.execute(
        statement, params or {}, execution_options=execution_options
    )
  File "C:\Users\USER\AppData\Local\Packages\PythonSoftwareFoundation.Python.3.13_qbz5n2kfra8p0\LocalCache\local-packages\Python313\site-packages\sqlalchemy\engine\base.py", line 1419, in execute
    return meth(
        self,
        distilled_parameters,
        execution_options or NO_OPTIONS,
    )
  File "C:\Users\USER\AppData\Local\Packages\PythonSoftwareFoundation.Python.3.13_qbz5n2kfra8p0\LocalCache\local-packages\Python313\site-packages\sqlalchemy\sql\elements.py", line 526, in _execute_on_connection
    return connection._execute_clauseelement(
           ~~~~~~~~~~~~~~~~~~~~~~~~~~~~~~~~~^
        self, distilled_params, execution_options
        ^^^^^^^^^^^^^^^^^^^^^^^^^^^^^^^^^^^^^^^^^
    )
    ^
  File "C:\Users\USER\AppData\Local\Packages\PythonSoftwareFoundation.Python.3.13_qbz5n2kfra8p0\LocalCache\local-packages\Python313\site-packages\sqlalchemy\engine\base.py", line 1641, in _execute_clauseelement
    ret = self._execute_context(
        dialect,
    ...<8 lines>...
        cache_hit=cache_hit,
    )
  File "C:\Users\USER\AppData\Local\Packages\PythonSoftwareFoundation.Python.3.13_qbz5n2kfra8p0\LocalCache\local-packages\Python313\site-packages\sqlalchemy\engine\base.py", line 1846, in _execute_context
    return self._exec_single_context(
           ~~~~~~~~~~~~~~~~~~~~~~~~~^
        dialect, context, statement, parameters
        ^^^^^^^^^^^^^^^^^^^^^^^^^^^^^^^^^^^^^^^
    )
    ^
  File "C:\Users\USER\AppData\Local\Packages\PythonSoftwareFoundation.Python.3.13_qbz5n2kfra8p0\LocalCache\local-packages\Python313\site-packages\sqlalchemy\engine\base.py", line 1986, in _exec_single_context
    self._handle_dbapi_exception(
    ~~~~~~~~~~~~~~~~~~~~~~~~~~~~^
        e, str_statement, effective_parameters, cursor, context
        ^^^^^^^^^^^^^^^^^^^^^^^^^^^^^^^^^^^^^^^^^^^^^^^^^^^^^^^
    )
    ^
  File "C:\Users\USER\AppData\Local\Packages\PythonSoftwareFoundation.Python.3.13_qbz5n2kfra8p0\LocalCache\local-packages\Python313\site-packages\sqlalchemy\engine\base.py", line 2355, in _handle_dbapi_exception
    raise sqlalchemy_exception.with_traceback(exc_info[2]) from e
  File "C:\Users\USER\AppData\Local\Packages\PythonSoftwareFoundation.Python.3.13_qbz5n2kfra8p0\LocalCache\local-packages\Python313\site-packages\sqlalchemy\engine\base.py", line 1967, in _exec_single_context
    self.dialect.do_execute(
    ~~~~~~~~~~~~~~~~~~~~~~~^
        cursor, str_statement, effective_parameters, context
        ^^^^^^^^^^^^^^^^^^^^^^^^^^^^^^^^^^^^^^^^^^^^^^^^^^^^
    )
    ^
  File "C:\Users\USER\AppData\Local\Packages\PythonSoftwareFoundation.Python.3.13_qbz5n2kfra8p0\LocalCache\local-packages\Python313\site-packages\sqlalchemy\engine\default.py", line 951, in do_execute
    cursor.execute(statement, parameters)
    ~~~~~~~~~~~~~~^^^^^^^^^^^^^^^^^^^^^^^
sqlalchemy.exc.OperationalError: (sqlite3.OperationalError) no such column: requisiciones.fecha_requerida
[SQL: SELECT requisiciones.id AS requisiciones_id, requisiciones.proyecto_id AS requisiciones_proyecto_id, requisiciones.solicitante_id AS requisiciones_solicitante_id, requisiciones.numero_requisicion AS requisiciones_numero_requisicion, requisiciones.fecha AS requisiciones_fecha, requisiciones.fecha_requerida AS requisiciones_fecha_requerida, requisiciones.estado AS requisiciones_estado, requisiciones.observaciones AS requisiciones_observaciones, requisiciones.fecha_registro AS requisiciones_fecha_registro 
FROM requisiciones 
WHERE requisiciones.fecha >= ? AND requisiciones.fecha <= ? ORDER BY requisiciones.fecha DESC]
[parameters: ('2025-01-01', '2025-12-31')]
(Background on this error at: https://sqlalche.me/e/20/e3q8)

2025-11-28 18:09:43,641 - KardexApp - INFO - Logger inicializado correctamente.
2025-11-28 18:10:06,336 - KardexApp.ExceptionHandler - CRITICAL - Excepci贸n no controlada: (sqlite3.OperationalError) no such column: requisiciones.estado
[SQL: SELECT requisiciones.id AS requisiciones_id, requisiciones.proyecto_id AS requisiciones_proyecto_id, requisiciones.solicitante_id AS requisiciones_solicitante_id, requisiciones.numero_requisicion AS requisiciones_numero_requisicion, requisiciones.fecha AS requisiciones_fecha, requisiciones.fecha_requerida AS requisiciones_fecha_requerida, requisiciones.estado AS requisiciones_estado, requisiciones.observaciones AS requisiciones_observaciones, requisiciones.fecha_registro AS requisiciones_fecha_registro 
FROM requisiciones 
WHERE requisiciones.fecha >= ? AND requisiciones.fecha <= ? ORDER BY requisiciones.fecha DESC]
[parameters: ('2025-01-01', '2025-12-31')]
(Background on this error at: https://sqlalche.me/e/20/e3q8)
Traceback (most recent call last):
  File "C:\Users\USER\AppData\Local\Packages\PythonSoftwareFoundation.Python.3.13_qbz5n2kfra8p0\LocalCache\local-packages\Python313\site-packages\sqlalchemy\engine\base.py", line 1967, in _exec_single_context
    self.dialect.do_execute(
    ~~~~~~~~~~~~~~~~~~~~~~~^
        cursor, str_statement, effective_parameters, context
        ^^^^^^^^^^^^^^^^^^^^^^^^^^^^^^^^^^^^^^^^^^^^^^^^^^^^
    )
    ^
  File "C:\Users\USER\AppData\Local\Packages\PythonSoftwareFoundation.Python.3.13_qbz5n2kfra8p0\LocalCache\local-packages\Python313\site-packages\sqlalchemy\engine\default.py", line 951, in do_execute
    cursor.execute(statement, parameters)
    ~~~~~~~~~~~~~~^^^^^^^^^^^^^^^^^^^^^^^
sqlite3.OperationalError: no such column: requisiciones.estado

The above exception was the direct cause of the following exception:

Traceback (most recent call last):
  File "C:\Users\USER\Github\kardex\kardex-valorizado\main.py", line 825, in abrir_requisiciones
    requisiciones_widget = RequisicionesWindow(user_info=self.user_info)
  File "C:\Users\USER\Github\kardex\kardex-valorizado\src\views\requisiciones_window.py", line 695, in __init__
    self.cargar_requisiciones()
    ~~~~~~~~~~~~~~~~~~~~~~~~~^^
  File "C:\Users\USER\Github\kardex\kardex-valorizado\src\views\requisiciones_window.py", line 796, in cargar_requisiciones
    ).order_by(Requisicion.fecha.desc()).all()
                                         ~~~^^
  File "C:\Users\USER\AppData\Local\Packages\PythonSoftwareFoundation.Python.3.13_qbz5n2kfra8p0\LocalCache\local-packages\Python313\site-packages\sqlalchemy\orm\query.py", line 2704, in all
    return self._iter().all()  # type: ignore
           ~~~~~~~~~~^^
  File "C:\Users\USER\AppData\Local\Packages\PythonSoftwareFoundation.Python.3.13_qbz5n2kfra8p0\LocalCache\local-packages\Python313\site-packages\sqlalchemy\orm\query.py", line 2857, in _iter
    result: Union[ScalarResult[_T], Result[_T]] = self.session.execute(
                                                  ~~~~~~~~~~~~~~~~~~~~^
        statement,
        ^^^^^^^^^^
        params,
        ^^^^^^^
        execution_options={"_sa_orm_load_options": self.load_options},
        ^^^^^^^^^^^^^^^^^^^^^^^^^^^^^^^^^^^^^^^^^^^^^^^^^^^^^^^^^^^^^^
    )
    ^
  File "C:\Users\USER\AppData\Local\Packages\PythonSoftwareFoundation.Python.3.13_qbz5n2kfra8p0\LocalCache\local-packages\Python313\site-packages\sqlalchemy\orm\session.py", line 2351, in execute
    return self._execute_internal(
           ~~~~~~~~~~~~~~~~~~~~~~^
        statement,
        ^^^^^^^^^^
    ...<4 lines>...
        _add_event=_add_event,
        ^^^^^^^^^^^^^^^^^^^^^^
    )
    ^
  File "C:\Users\USER\AppData\Local\Packages\PythonSoftwareFoundation.Python.3.13_qbz5n2kfra8p0\LocalCache\local-packages\Python313\site-packages\sqlalchemy\orm\session.py", line 2249, in _execute_internal
    result: Result[Any] = compile_state_cls.orm_execute_statement(
                          ~~~~~~~~~~~~~~~~~~~~~~~~~~~~~~~~~~~~~~~^
        self,
        ^^^^^
    ...<4 lines>...
        conn,
        ^^^^^
    )
    ^
  File "C:\Users\USER\AppData\Local\Packages\PythonSoftwareFoundation.Python.3.13_qbz5n2kfra8p0\LocalCache\local-packages\Python313\site-packages\sqlalchemy\orm\context.py", line 306, in orm_execute_statement
    result = conn.execute(
        statement, params or {}, execution_options=execution_options
    )
  File "C:\Users\USER\AppData\Local\Packages\PythonSoftwareFoundation.Python.3.13_qbz5n2kfra8p0\LocalCache\local-packages\Python313\site-packages\sqlalchemy\engine\base.py", line 1419, in execute
    return meth(
        self,
        distilled_parameters,
        execution_options or NO_OPTIONS,
    )
  File "C:\Users\USER\AppData\Local\Packages\PythonSoftwareFoundation.Python.3.13_qbz5n2kfra8p0\LocalCache\local-packages\Python313\site-packages\sqlalchemy\sql\elements.py", line 526, in _execute_on_connection
    return connection._execute_clauseelement(
           ~~~~~~~~~~~~~~~~~~~~~~~~~~~~~~~~~^
        self, distilled_params, execution_options
        ^^^^^^^^^^^^^^^^^^^^^^^^^^^^^^^^^^^^^^^^^
    )
    ^
  File "C:\Users\USER\AppData\Local\Packages\PythonSoftwareFoundation.Python.3.13_qbz5n2kfra8p0\LocalCache\local-packages\Python313\site-packages\sqlalchemy\engine\base.py", line 1641, in _execute_clauseelement
    ret = self._execute_context(
        dialect,
    ...<8 lines>...
        cache_hit=cache_hit,
    )
  File "C:\Users\USER\AppData\Local\Packages\PythonSoftwareFoundation.Python.3.13_qbz5n2kfra8p0\LocalCache\local-packages\Python313\site-packages\sqlalchemy\engine\base.py", line 1846, in _execute_context
    return self._exec_single_context(
           ~~~~~~~~~~~~~~~~~~~~~~~~~^
        dialect, context, statement, parameters
        ^^^^^^^^^^^^^^^^^^^^^^^^^^^^^^^^^^^^^^^
    )
    ^
  File "C:\Users\USER\AppData\Local\Packages\PythonSoftwareFoundation.Python.3.13_qbz5n2kfra8p0\LocalCache\local-packages\Python313\site-packages\sqlalchemy\engine\base.py", line 1986, in _exec_single_context
    self._handle_dbapi_exception(
    ~~~~~~~~~~~~~~~~~~~~~~~~~~~~^
        e, str_statement, effective_parameters, cursor, context
        ^^^^^^^^^^^^^^^^^^^^^^^^^^^^^^^^^^^^^^^^^^^^^^^^^^^^^^^
    )
    ^
  File "C:\Users\USER\AppData\Local\Packages\PythonSoftwareFoundation.Python.3.13_qbz5n2kfra8p0\LocalCache\local-packages\Python313\site-packages\sqlalchemy\engine\base.py", line 2355, in _handle_dbapi_exception
    raise sqlalchemy_exception.with_traceback(exc_info[2]) from e
  File "C:\Users\USER\AppData\Local\Packages\PythonSoftwareFoundation.Python.3.13_qbz5n2kfra8p0\LocalCache\local-packages\Python313\site-packages\sqlalchemy\engine\base.py", line 1967, in _exec_single_context
    self.dialect.do_execute(
    ~~~~~~~~~~~~~~~~~~~~~~~^
        cursor, str_statement, effective_parameters, context
        ^^^^^^^^^^^^^^^^^^^^^^^^^^^^^^^^^^^^^^^^^^^^^^^^^^^^
    )
    ^
  File "C:\Users\USER\AppData\Local\Packages\PythonSoftwareFoundation.Python.3.13_qbz5n2kfra8p0\LocalCache\local-packages\Python313\site-packages\sqlalchemy\engine\default.py", line 951, in do_execute
    cursor.execute(statement, parameters)
    ~~~~~~~~~~~~~~^^^^^^^^^^^^^^^^^^^^^^^
sqlalchemy.exc.OperationalError: (sqlite3.OperationalError) no such column: requisiciones.estado
[SQL: SELECT requisiciones.id AS requisiciones_id, requisiciones.proyecto_id AS requisiciones_proyecto_id, requisiciones.solicitante_id AS requisiciones_solicitante_id, requisiciones.numero_requisicion AS requisiciones_numero_requisicion, requisiciones.fecha AS requisiciones_fecha, requisiciones.fecha_requerida AS requisiciones_fecha_requerida, requisiciones.estado AS requisiciones_estado, requisiciones.observaciones AS requisiciones_observaciones, requisiciones.fecha_registro AS requisiciones_fecha_registro 
FROM requisiciones 
WHERE requisiciones.fecha >= ? AND requisiciones.fecha <= ? ORDER BY requisiciones.fecha DESC]
[parameters: ('2025-01-01', '2025-12-31')]
(Background on this error at: https://sqlalche.me/e/20/e3q8)

2025-11-28 18:11:58,060 - KardexApp - INFO - Logger inicializado correctamente.
